running egg_info
writing ../../build/lidar_mediapipe_senne_pkg/lidar_mediapipe_senne_pkg.egg-info/PKG-INFO
writing dependency_links to ../../build/lidar_mediapipe_senne_pkg/lidar_mediapipe_senne_pkg.egg-info/dependency_links.txt
writing entry points to ../../build/lidar_mediapipe_senne_pkg/lidar_mediapipe_senne_pkg.egg-info/entry_points.txt
writing requirements to ../../build/lidar_mediapipe_senne_pkg/lidar_mediapipe_senne_pkg.egg-info/requires.txt
writing top-level names to ../../build/lidar_mediapipe_senne_pkg/lidar_mediapipe_senne_pkg.egg-info/top_level.txt
reading manifest file '../../build/lidar_mediapipe_senne_pkg/lidar_mediapipe_senne_pkg.egg-info/SOURCES.txt'
writing manifest file '../../build/lidar_mediapipe_senne_pkg/lidar_mediapipe_senne_pkg.egg-info/SOURCES.txt'
running build
running build_py
copying lidar_mediapipe_senne_pkg/camera_detection.py -> /home/senne/ros2_ws/build/lidar_mediapipe_senne_pkg/build/lib/lidar_mediapipe_senne_pkg
copying lidar_mediapipe_senne_pkg/obstacle_avoidance.py -> /home/senne/ros2_ws/build/lidar_mediapipe_senne_pkg/build/lib/lidar_mediapipe_senne_pkg
running install
running install_lib
copying /home/senne/ros2_ws/build/lidar_mediapipe_senne_pkg/build/lib/lidar_mediapipe_senne_pkg/camera_detection.py -> /home/senne/ros2_ws/install/lidar_mediapipe_senne_pkg/lib/python3.10/site-packages/lidar_mediapipe_senne_pkg
copying /home/senne/ros2_ws/build/lidar_mediapipe_senne_pkg/build/lib/lidar_mediapipe_senne_pkg/obstacle_avoidance.py -> /home/senne/ros2_ws/install/lidar_mediapipe_senne_pkg/lib/python3.10/site-packages/lidar_mediapipe_senne_pkg
byte-compiling /home/senne/ros2_ws/install/lidar_mediapipe_senne_pkg/lib/python3.10/site-packages/lidar_mediapipe_senne_pkg/camera_detection.py to camera_detection.cpython-310.pyc
byte-compiling /home/senne/ros2_ws/install/lidar_mediapipe_senne_pkg/lib/python3.10/site-packages/lidar_mediapipe_senne_pkg/obstacle_avoidance.py to obstacle_avoidance.cpython-310.pyc
running install_data
copying launch/lidar_mediapipe_senne_pkg_launch_file.launch.py -> /home/senne/ros2_ws/install/lidar_mediapipe_senne_pkg/share/lidar_mediapipe_senne_pkg
running install_egg_info
removing '/home/senne/ros2_ws/install/lidar_mediapipe_senne_pkg/lib/python3.10/site-packages/lidar_mediapipe_senne_pkg-0.0.0-py3.10.egg-info' (and everything under it)
Copying ../../build/lidar_mediapipe_senne_pkg/lidar_mediapipe_senne_pkg.egg-info to /home/senne/ros2_ws/install/lidar_mediapipe_senne_pkg/lib/python3.10/site-packages/lidar_mediapipe_senne_pkg-0.0.0-py3.10.egg-info
running install_scripts
Installing lidar_mediapipe_senne script to /home/senne/ros2_ws/install/lidar_mediapipe_senne_pkg/lib/lidar_mediapipe_senne_pkg
writing list of installed files to '/home/senne/ros2_ws/build/lidar_mediapipe_senne_pkg/install.log'
