[0.612s] Invoking command in '/home/senne/ros2_ws/src/lidar_pkg': PYTHONPATH=/home/senne/ros2_ws/build/lidar_pkg/prefix_override:/usr/lib/python3/dist-packages/colcon_core/task/python/colcon_distutils_commands:/home/senne/ros2_ws/install/lidar_pkg/lib/python3.10/site-packages:${PYTHONPATH} /usr/bin/python3 -W ignore:setup.py install is deprecated setup.py egg_info --egg-base ../../build/lidar_pkg build --build-base /home/senne/ros2_ws/build/lidar_pkg/build install --record /home/senne/ros2_ws/build/lidar_pkg/install.log --single-version-externally-managed install_data
[0.840s] running egg_info
[0.840s] creating ../../build/lidar_pkg/lidar_pkg.egg-info
[0.841s] writing ../../build/lidar_pkg/lidar_pkg.egg-info/PKG-INFO
[0.841s] writing dependency_links to ../../build/lidar_pkg/lidar_pkg.egg-info/dependency_links.txt
[0.841s] writing entry points to ../../build/lidar_pkg/lidar_pkg.egg-info/entry_points.txt
[0.841s] writing requirements to ../../build/lidar_pkg/lidar_pkg.egg-info/requires.txt
[0.841s] writing top-level names to ../../build/lidar_pkg/lidar_pkg.egg-info/top_level.txt
[0.841s] writing manifest file '../../build/lidar_pkg/lidar_pkg.egg-info/SOURCES.txt'
[0.842s] reading manifest file '../../build/lidar_pkg/lidar_pkg.egg-info/SOURCES.txt'
[0.843s] writing manifest file '../../build/lidar_pkg/lidar_pkg.egg-info/SOURCES.txt'
[0.843s] running build
[0.843s] running build_py
[0.843s] creating /home/senne/ros2_ws/build/lidar_pkg/build
[0.844s] creating /home/senne/ros2_ws/build/lidar_pkg/build/lib
[0.844s] creating /home/senne/ros2_ws/build/lidar_pkg/build/lib/lidar_pkg
[0.844s] copying lidar_pkg/lidar.py -> /home/senne/ros2_ws/build/lidar_pkg/build/lib/lidar_pkg
[0.844s] copying lidar_pkg/__init__.py -> /home/senne/ros2_ws/build/lidar_pkg/build/lib/lidar_pkg
[0.844s] running install
[0.844s] running install_lib
[0.844s] creating /home/senne/ros2_ws/install/lidar_pkg/lib/python3.10/site-packages/lidar_pkg
[0.845s] copying /home/senne/ros2_ws/build/lidar_pkg/build/lib/lidar_pkg/lidar.py -> /home/senne/ros2_ws/install/lidar_pkg/lib/python3.10/site-packages/lidar_pkg
[0.845s] copying /home/senne/ros2_ws/build/lidar_pkg/build/lib/lidar_pkg/__init__.py -> /home/senne/ros2_ws/install/lidar_pkg/lib/python3.10/site-packages/lidar_pkg
[0.845s] byte-compiling /home/senne/ros2_ws/install/lidar_pkg/lib/python3.10/site-packages/lidar_pkg/lidar.py to lidar.cpython-310.pyc
[0.845s] byte-compiling /home/senne/ros2_ws/install/lidar_pkg/lib/python3.10/site-packages/lidar_pkg/__init__.py to __init__.cpython-310.pyc
[0.846s] running install_data
[0.846s] creating /home/senne/ros2_ws/install/lidar_pkg/share/ament_index
[0.846s] creating /home/senne/ros2_ws/install/lidar_pkg/share/ament_index/resource_index
[0.846s] creating /home/senne/ros2_ws/install/lidar_pkg/share/ament_index/resource_index/packages
[0.846s] copying resource/lidar_pkg -> /home/senne/ros2_ws/install/lidar_pkg/share/ament_index/resource_index/packages
[0.846s] copying package.xml -> /home/senne/ros2_ws/install/lidar_pkg/share/lidar_pkg
[0.846s] copying launch/lidar_pkg_launch_file.launch.py -> /home/senne/ros2_ws/install/lidar_pkg/share/lidar_pkg
[0.846s] running install_egg_info
[0.848s] Copying ../../build/lidar_pkg/lidar_pkg.egg-info to /home/senne/ros2_ws/install/lidar_pkg/lib/python3.10/site-packages/lidar_pkg-0.0.0-py3.10.egg-info
[0.849s] running install_scripts
[0.866s] Installing lidar script to /home/senne/ros2_ws/install/lidar_pkg/lib/lidar_pkg
[0.866s] writing list of installed files to '/home/senne/ros2_ws/build/lidar_pkg/install.log'
[0.888s] Invoked command in '/home/senne/ros2_ws/src/lidar_pkg' returned '0': PYTHONPATH=/home/senne/ros2_ws/build/lidar_pkg/prefix_override:/usr/lib/python3/dist-packages/colcon_core/task/python/colcon_distutils_commands:/home/senne/ros2_ws/install/lidar_pkg/lib/python3.10/site-packages:${PYTHONPATH} /usr/bin/python3 -W ignore:setup.py install is deprecated setup.py egg_info --egg-base ../../build/lidar_pkg build --build-base /home/senne/ros2_ws/build/lidar_pkg/build install --record /home/senne/ros2_ws/build/lidar_pkg/install.log --single-version-externally-managed install_data
