[0.510s] Invoking command in '/home/senne/ros2_ws/src/handtracking_pkg': PYTHONPATH=/home/senne/ros2_ws/build/handtracking_pkg/prefix_override:/usr/lib/python3/dist-packages/colcon_core/task/python/colcon_distutils_commands:/home/senne/ros2_ws/install/handtracking_pkg/lib/python3.10/site-packages:${PYTHONPATH} /usr/bin/python3 -W ignore:setup.py install is deprecated -W ignore:easy_install command is deprecated setup.py egg_info --egg-base ../../build/handtracking_pkg build --build-base /home/senne/ros2_ws/build/handtracking_pkg/build install --record /home/senne/ros2_ws/build/handtracking_pkg/install.log --single-version-externally-managed install_data
[0.703s] running egg_info
[0.703s] creating ../../build/handtracking_pkg/handtracking_pkg.egg-info
[0.703s] writing ../../build/handtracking_pkg/handtracking_pkg.egg-info/PKG-INFO
[0.703s] writing dependency_links to ../../build/handtracking_pkg/handtracking_pkg.egg-info/dependency_links.txt
[0.703s] writing entry points to ../../build/handtracking_pkg/handtracking_pkg.egg-info/entry_points.txt
[0.703s] writing requirements to ../../build/handtracking_pkg/handtracking_pkg.egg-info/requires.txt
[0.703s] writing top-level names to ../../build/handtracking_pkg/handtracking_pkg.egg-info/top_level.txt
[0.703s] writing manifest file '../../build/handtracking_pkg/handtracking_pkg.egg-info/SOURCES.txt'
[0.704s] reading manifest file '../../build/handtracking_pkg/handtracking_pkg.egg-info/SOURCES.txt'
[0.705s] writing manifest file '../../build/handtracking_pkg/handtracking_pkg.egg-info/SOURCES.txt'
[0.705s] running build
[0.705s] running build_py
[0.705s] creating /home/senne/ros2_ws/build/handtracking_pkg/build
[0.705s] creating /home/senne/ros2_ws/build/handtracking_pkg/build/lib
[0.705s] creating /home/senne/ros2_ws/build/handtracking_pkg/build/lib/handtracking_pkg
[0.705s] copying handtracking_pkg/__init__.py -> /home/senne/ros2_ws/build/handtracking_pkg/build/lib/handtracking_pkg
[0.705s] copying handtracking_pkg/handtracking.py -> /home/senne/ros2_ws/build/handtracking_pkg/build/lib/handtracking_pkg
[0.705s] running install
[0.705s] running install_lib
[0.706s] creating /home/senne/ros2_ws/install/handtracking_pkg/lib/python3.10/site-packages/handtracking_pkg
[0.706s] copying /home/senne/ros2_ws/build/handtracking_pkg/build/lib/handtracking_pkg/__init__.py -> /home/senne/ros2_ws/install/handtracking_pkg/lib/python3.10/site-packages/handtracking_pkg
[0.706s] copying /home/senne/ros2_ws/build/handtracking_pkg/build/lib/handtracking_pkg/handtracking.py -> /home/senne/ros2_ws/install/handtracking_pkg/lib/python3.10/site-packages/handtracking_pkg
[0.706s] byte-compiling /home/senne/ros2_ws/install/handtracking_pkg/lib/python3.10/site-packages/handtracking_pkg/__init__.py to __init__.cpython-310.pyc
[0.707s] byte-compiling /home/senne/ros2_ws/install/handtracking_pkg/lib/python3.10/site-packages/handtracking_pkg/handtracking.py to handtracking.cpython-310.pyc
[0.707s] running install_data
[0.707s] creating /home/senne/ros2_ws/install/handtracking_pkg/share/ament_index
[0.707s] creating /home/senne/ros2_ws/install/handtracking_pkg/share/ament_index/resource_index
[0.707s] creating /home/senne/ros2_ws/install/handtracking_pkg/share/ament_index/resource_index/packages
[0.707s] copying resource/handtracking_pkg -> /home/senne/ros2_ws/install/handtracking_pkg/share/ament_index/resource_index/packages
[0.707s] copying package.xml -> /home/senne/ros2_ws/install/handtracking_pkg/share/handtracking_pkg
[0.708s] copying launch/handtracking_pkg_launch_file.launch.py -> /home/senne/ros2_ws/install/handtracking_pkg/share/handtracking_pkg
[0.708s] running install_egg_info
[0.709s] Copying ../../build/handtracking_pkg/handtracking_pkg.egg-info to /home/senne/ros2_ws/install/handtracking_pkg/lib/python3.10/site-packages/handtracking_pkg-0.0.0-py3.10.egg-info
[0.709s] running install_scripts
[0.724s] Installing handtracking script to /home/senne/ros2_ws/install/handtracking_pkg/lib/handtracking_pkg
[0.724s] writing list of installed files to '/home/senne/ros2_ws/build/handtracking_pkg/install.log'
[0.745s] Invoked command in '/home/senne/ros2_ws/src/handtracking_pkg' returned '0': PYTHONPATH=/home/senne/ros2_ws/build/handtracking_pkg/prefix_override:/usr/lib/python3/dist-packages/colcon_core/task/python/colcon_distutils_commands:/home/senne/ros2_ws/install/handtracking_pkg/lib/python3.10/site-packages:${PYTHONPATH} /usr/bin/python3 -W ignore:setup.py install is deprecated -W ignore:easy_install command is deprecated setup.py egg_info --egg-base ../../build/handtracking_pkg build --build-base /home/senne/ros2_ws/build/handtracking_pkg/build install --record /home/senne/ros2_ws/build/handtracking_pkg/install.log --single-version-externally-managed install_data
