[0.631s] Invoking command in '/home/senne/ros2_ws/src/straight_stop_pkg': PYTHONPATH=/home/senne/ros2_ws/build/straight_stop_pkg/prefix_override:/usr/lib/python3/dist-packages/colcon_core/task/python/colcon_distutils_commands:/home/senne/ros2_ws/install/straight_stop_pkg/lib/python3.10/site-packages:${PYTHONPATH} /usr/bin/python3 -W ignore:setup.py install is deprecated -W ignore:easy_install command is deprecated setup.py egg_info --egg-base ../../build/straight_stop_pkg build --build-base /home/senne/ros2_ws/build/straight_stop_pkg/build install --record /home/senne/ros2_ws/build/straight_stop_pkg/install.log --single-version-externally-managed install_data
[0.839s] running egg_info
[0.839s] writing ../../build/straight_stop_pkg/straight_stop_pkg.egg-info/PKG-INFO
[0.840s] writing dependency_links to ../../build/straight_stop_pkg/straight_stop_pkg.egg-info/dependency_links.txt
[0.840s] writing entry points to ../../build/straight_stop_pkg/straight_stop_pkg.egg-info/entry_points.txt
[0.840s] writing requirements to ../../build/straight_stop_pkg/straight_stop_pkg.egg-info/requires.txt
[0.840s] writing top-level names to ../../build/straight_stop_pkg/straight_stop_pkg.egg-info/top_level.txt
[0.841s] reading manifest file '../../build/straight_stop_pkg/straight_stop_pkg.egg-info/SOURCES.txt'
[0.842s] writing manifest file '../../build/straight_stop_pkg/straight_stop_pkg.egg-info/SOURCES.txt'
[0.842s] running build
[0.842s] running build_py
[0.842s] running install
[0.842s] running install_lib
[0.843s] running install_data
[0.844s] running install_egg_info
[0.845s] removing '/home/senne/ros2_ws/install/straight_stop_pkg/lib/python3.10/site-packages/straight_stop_pkg-0.0.0-py3.10.egg-info' (and everything under it)
[0.845s] Copying ../../build/straight_stop_pkg/straight_stop_pkg.egg-info to /home/senne/ros2_ws/install/straight_stop_pkg/lib/python3.10/site-packages/straight_stop_pkg-0.0.0-py3.10.egg-info
[0.846s] running install_scripts
[0.862s] Installing straight_stop script to /home/senne/ros2_ws/install/straight_stop_pkg/lib/straight_stop_pkg
[0.863s] writing list of installed files to '/home/senne/ros2_ws/build/straight_stop_pkg/install.log'
[0.886s] Invoked command in '/home/senne/ros2_ws/src/straight_stop_pkg' returned '0': PYTHONPATH=/home/senne/ros2_ws/build/straight_stop_pkg/prefix_override:/usr/lib/python3/dist-packages/colcon_core/task/python/colcon_distutils_commands:/home/senne/ros2_ws/install/straight_stop_pkg/lib/python3.10/site-packages:${PYTHONPATH} /usr/bin/python3 -W ignore:setup.py install is deprecated -W ignore:easy_install command is deprecated setup.py egg_info --egg-base ../../build/straight_stop_pkg build --build-base /home/senne/ros2_ws/build/straight_stop_pkg/build install --record /home/senne/ros2_ws/build/straight_stop_pkg/install.log --single-version-externally-managed install_data
