running egg_info
creating ../../build/lidar_mediapipe_senne_pkg/lidar_mediapipe_senne_pkg.egg-info
writing ../../build/lidar_mediapipe_senne_pkg/lidar_mediapipe_senne_pkg.egg-info/PKG-INFO
writing dependency_links to ../../build/lidar_mediapipe_senne_pkg/lidar_mediapipe_senne_pkg.egg-info/dependency_links.txt
writing entry points to ../../build/lidar_mediapipe_senne_pkg/lidar_mediapipe_senne_pkg.egg-info/entry_points.txt
writing requirements to ../../build/lidar_mediapipe_senne_pkg/lidar_mediapipe_senne_pkg.egg-info/requires.txt
writing top-level names to ../../build/lidar_mediapipe_senne_pkg/lidar_mediapipe_senne_pkg.egg-info/top_level.txt
writing manifest file '../../build/lidar_mediapipe_senne_pkg/lidar_mediapipe_senne_pkg.egg-info/SOURCES.txt'
reading manifest file '../../build/lidar_mediapipe_senne_pkg/lidar_mediapipe_senne_pkg.egg-info/SOURCES.txt'
writing manifest file '../../build/lidar_mediapipe_senne_pkg/lidar_mediapipe_senne_pkg.egg-info/SOURCES.txt'
running build
running build_py
creating /home/senne/ros2_ws/build/lidar_mediapipe_senne_pkg/build
creating /home/senne/ros2_ws/build/lidar_mediapipe_senne_pkg/build/lib
creating /home/senne/ros2_ws/build/lidar_mediapipe_senne_pkg/build/lib/lidar_mediapipe_senne_pkg
copying lidar_mediapipe_senne_pkg/__init__.py -> /home/senne/ros2_ws/build/lidar_mediapipe_senne_pkg/build/lib/lidar_mediapipe_senne_pkg
copying lidar_mediapipe_senne_pkg/lidar_mediapipe_senne.py -> /home/senne/ros2_ws/build/lidar_mediapipe_senne_pkg/build/lib/lidar_mediapipe_senne_pkg
running install
running install_lib
creating /home/senne/ros2_ws/install/lidar_mediapipe_senne_pkg/lib/python3.10/site-packages/lidar_mediapipe_senne_pkg
copying /home/senne/ros2_ws/build/lidar_mediapipe_senne_pkg/build/lib/lidar_mediapipe_senne_pkg/__init__.py -> /home/senne/ros2_ws/install/lidar_mediapipe_senne_pkg/lib/python3.10/site-packages/lidar_mediapipe_senne_pkg
copying /home/senne/ros2_ws/build/lidar_mediapipe_senne_pkg/build/lib/lidar_mediapipe_senne_pkg/lidar_mediapipe_senne.py -> /home/senne/ros2_ws/install/lidar_mediapipe_senne_pkg/lib/python3.10/site-packages/lidar_mediapipe_senne_pkg
byte-compiling /home/senne/ros2_ws/install/lidar_mediapipe_senne_pkg/lib/python3.10/site-packages/lidar_mediapipe_senne_pkg/__init__.py to __init__.cpython-310.pyc
byte-compiling /home/senne/ros2_ws/install/lidar_mediapipe_senne_pkg/lib/python3.10/site-packages/lidar_mediapipe_senne_pkg/lidar_mediapipe_senne.py to lidar_mediapipe_senne.cpython-310.pyc
running install_data
copying launch/lidar_mediapipe_senne_pkg_launch_file.launch.py -> /home/senne/ros2_ws/install/lidar_mediapipe_senne_pkg/share/lidar_mediapipe_senne_pkg
running install_egg_info
Copying ../../build/lidar_mediapipe_senne_pkg/lidar_mediapipe_senne_pkg.egg-info to /home/senne/ros2_ws/install/lidar_mediapipe_senne_pkg/lib/python3.10/site-packages/lidar_mediapipe_senne_pkg-0.0.0-py3.10.egg-info
running install_scripts
Installing lidar_mediapipe_senne script to /home/senne/ros2_ws/install/lidar_mediapipe_senne_pkg/lib/lidar_mediapipe_senne_pkg
writing list of installed files to '/home/senne/ros2_ws/build/lidar_mediapipe_senne_pkg/install.log'
