[2.667s] Invoking command in '/home/senne/ros2_ws/src/subpub_pkg': PYTHONPATH=/home/senne/ros2_ws/build/subpub_pkg/prefix_override:/usr/lib/python3/dist-packages/colcon_core/task/python/colcon_distutils_commands:/home/senne/ros2_ws/install/subpub_pkg/lib/python3.10/site-packages:${PYTHONPATH} /usr/bin/python3 -W ignore:setup.py install is deprecated setup.py egg_info --egg-base ../../build/subpub_pkg build --build-base /home/senne/ros2_ws/build/subpub_pkg/build install --record /home/senne/ros2_ws/build/subpub_pkg/install.log --single-version-externally-managed install_data
[3.165s] running egg_info
[3.165s] writing ../../build/subpub_pkg/subpub_pkg.egg-info/PKG-INFO
[3.165s] writing dependency_links to ../../build/subpub_pkg/subpub_pkg.egg-info/dependency_links.txt
[3.165s] writing entry points to ../../build/subpub_pkg/subpub_pkg.egg-info/entry_points.txt
[3.166s] writing requirements to ../../build/subpub_pkg/subpub_pkg.egg-info/requires.txt
[3.166s] writing top-level names to ../../build/subpub_pkg/subpub_pkg.egg-info/top_level.txt
[3.168s] reading manifest file '../../build/subpub_pkg/subpub_pkg.egg-info/SOURCES.txt'
[3.169s] writing manifest file '../../build/subpub_pkg/subpub_pkg.egg-info/SOURCES.txt'
[3.169s] running build
[3.169s] running build_py
[3.172s] running install
[3.174s] running install_lib
[3.177s] running install_data
[3.177s] running install_egg_info
[3.179s] removing '/home/senne/ros2_ws/install/subpub_pkg/lib/python3.10/site-packages/subpub_pkg-0.0.0-py3.10.egg-info' (and everything under it)
[3.179s] Copying ../../build/subpub_pkg/subpub_pkg.egg-info to /home/senne/ros2_ws/install/subpub_pkg/lib/python3.10/site-packages/subpub_pkg-0.0.0-py3.10.egg-info
[3.180s] running install_scripts
[3.210s] Installing subpub script to /home/senne/ros2_ws/install/subpub_pkg/lib/subpub_pkg
[3.211s] writing list of installed files to '/home/senne/ros2_ws/build/subpub_pkg/install.log'
[3.278s] Invoked command in '/home/senne/ros2_ws/src/subpub_pkg' returned '0': PYTHONPATH=/home/senne/ros2_ws/build/subpub_pkg/prefix_override:/usr/lib/python3/dist-packages/colcon_core/task/python/colcon_distutils_commands:/home/senne/ros2_ws/install/subpub_pkg/lib/python3.10/site-packages:${PYTHONPATH} /usr/bin/python3 -W ignore:setup.py install is deprecated setup.py egg_info --egg-base ../../build/subpub_pkg build --build-base /home/senne/ros2_ws/build/subpub_pkg/build install --record /home/senne/ros2_ws/build/subpub_pkg/install.log --single-version-externally-managed install_data
