[0.699s] Invoking command in '/home/senne/ros2_ws/src/publisher_pkg': PYTHONPATH=/home/senne/ros2_ws/build/publisher_pkg/prefix_override:/usr/lib/python3/dist-packages/colcon_core/task/python/colcon_distutils_commands:/home/senne/ros2_ws/install/publisher_pkg/lib/python3.10/site-packages:${PYTHONPATH} /usr/bin/python3 -W ignore:setup.py install is deprecated setup.py egg_info --egg-base ../../build/publisher_pkg build --build-base /home/senne/ros2_ws/build/publisher_pkg/build install --record /home/senne/ros2_ws/build/publisher_pkg/install.log --single-version-externally-managed install_data
[0.920s] running egg_info
[0.920s] creating ../../build/publisher_pkg/publisher_pkg.egg-info
[0.920s] writing ../../build/publisher_pkg/publisher_pkg.egg-info/PKG-INFO
[0.920s] writing dependency_links to ../../build/publisher_pkg/publisher_pkg.egg-info/dependency_links.txt
[0.920s] writing entry points to ../../build/publisher_pkg/publisher_pkg.egg-info/entry_points.txt
[0.920s] writing requirements to ../../build/publisher_pkg/publisher_pkg.egg-info/requires.txt
[0.921s] writing top-level names to ../../build/publisher_pkg/publisher_pkg.egg-info/top_level.txt
[0.921s] writing manifest file '../../build/publisher_pkg/publisher_pkg.egg-info/SOURCES.txt'
[0.922s] reading manifest file '../../build/publisher_pkg/publisher_pkg.egg-info/SOURCES.txt'
[0.922s] writing manifest file '../../build/publisher_pkg/publisher_pkg.egg-info/SOURCES.txt'
[0.922s] running build
[0.923s] running build_py
[0.923s] creating /home/senne/ros2_ws/build/publisher_pkg/build
[0.923s] creating /home/senne/ros2_ws/build/publisher_pkg/build/lib
[0.923s] creating /home/senne/ros2_ws/build/publisher_pkg/build/lib/publisher_pkg
[0.923s] copying publisher_pkg/__init__.py -> /home/senne/ros2_ws/build/publisher_pkg/build/lib/publisher_pkg
[0.923s] running install
[0.923s] running install_lib
[0.924s] creating /home/senne/ros2_ws/install/publisher_pkg/lib/python3.10/site-packages/publisher_pkg
[0.924s] copying /home/senne/ros2_ws/build/publisher_pkg/build/lib/publisher_pkg/__init__.py -> /home/senne/ros2_ws/install/publisher_pkg/lib/python3.10/site-packages/publisher_pkg
[0.924s] byte-compiling /home/senne/ros2_ws/install/publisher_pkg/lib/python3.10/site-packages/publisher_pkg/__init__.py to __init__.cpython-310.pyc
[0.924s] running install_data
[0.924s] creating /home/senne/ros2_ws/install/publisher_pkg/share/ament_index
[0.924s] creating /home/senne/ros2_ws/install/publisher_pkg/share/ament_index/resource_index
[0.925s] creating /home/senne/ros2_ws/install/publisher_pkg/share/ament_index/resource_index/packages
[0.925s] copying resource/publisher_pkg -> /home/senne/ros2_ws/install/publisher_pkg/share/ament_index/resource_index/packages
[0.925s] copying package.xml -> /home/senne/ros2_ws/install/publisher_pkg/share/publisher_pkg
[0.925s] copying launch/publisher_pkg_launch_file.launch.py -> /home/senne/ros2_ws/install/publisher_pkg/share/publisher_pkg
[0.925s] running install_egg_info
[0.926s] Copying ../../build/publisher_pkg/publisher_pkg.egg-info to /home/senne/ros2_ws/install/publisher_pkg/lib/python3.10/site-packages/publisher_pkg-0.0.0-py3.10.egg-info
[0.927s] running install_scripts
[0.944s] Installing simple_publisher script to /home/senne/ros2_ws/install/publisher_pkg/lib/publisher_pkg
[0.944s] writing list of installed files to '/home/senne/ros2_ws/build/publisher_pkg/install.log'
[0.972s] Invoked command in '/home/senne/ros2_ws/src/publisher_pkg' returned '0': PYTHONPATH=/home/senne/ros2_ws/build/publisher_pkg/prefix_override:/usr/lib/python3/dist-packages/colcon_core/task/python/colcon_distutils_commands:/home/senne/ros2_ws/install/publisher_pkg/lib/python3.10/site-packages:${PYTHONPATH} /usr/bin/python3 -W ignore:setup.py install is deprecated setup.py egg_info --egg-base ../../build/publisher_pkg build --build-base /home/senne/ros2_ws/build/publisher_pkg/build install --record /home/senne/ros2_ws/build/publisher_pkg/install.log --single-version-externally-managed install_data
