running egg_info
creating ../../build/subpub_pkg/subpub_pkg.egg-info
writing ../../build/subpub_pkg/subpub_pkg.egg-info/PKG-INFO
writing dependency_links to ../../build/subpub_pkg/subpub_pkg.egg-info/dependency_links.txt
writing entry points to ../../build/subpub_pkg/subpub_pkg.egg-info/entry_points.txt
writing requirements to ../../build/subpub_pkg/subpub_pkg.egg-info/requires.txt
writing top-level names to ../../build/subpub_pkg/subpub_pkg.egg-info/top_level.txt
writing manifest file '../../build/subpub_pkg/subpub_pkg.egg-info/SOURCES.txt'
reading manifest file '../../build/subpub_pkg/subpub_pkg.egg-info/SOURCES.txt'
writing manifest file '../../build/subpub_pkg/subpub_pkg.egg-info/SOURCES.txt'
running build
running build_py
creating /home/senne/ros2_ws/build/subpub_pkg/build
creating /home/senne/ros2_ws/build/subpub_pkg/build/lib
creating /home/senne/ros2_ws/build/subpub_pkg/build/lib/subpub_pkg
copying subpub_pkg/subpub.py -> /home/senne/ros2_ws/build/subpub_pkg/build/lib/subpub_pkg
copying subpub_pkg/__init__.py -> /home/senne/ros2_ws/build/subpub_pkg/build/lib/subpub_pkg
running install
running install_lib
creating /home/senne/ros2_ws/install/subpub_pkg/lib/python3.10/site-packages/subpub_pkg
copying /home/senne/ros2_ws/build/subpub_pkg/build/lib/subpub_pkg/subpub.py -> /home/senne/ros2_ws/install/subpub_pkg/lib/python3.10/site-packages/subpub_pkg
copying /home/senne/ros2_ws/build/subpub_pkg/build/lib/subpub_pkg/__init__.py -> /home/senne/ros2_ws/install/subpub_pkg/lib/python3.10/site-packages/subpub_pkg
byte-compiling /home/senne/ros2_ws/install/subpub_pkg/lib/python3.10/site-packages/subpub_pkg/subpub.py to subpub.cpython-310.pyc
byte-compiling /home/senne/ros2_ws/install/subpub_pkg/lib/python3.10/site-packages/subpub_pkg/__init__.py to __init__.cpython-310.pyc
running install_data
creating /home/senne/ros2_ws/install/subpub_pkg/share/ament_index
creating /home/senne/ros2_ws/install/subpub_pkg/share/ament_index/resource_index
creating /home/senne/ros2_ws/install/subpub_pkg/share/ament_index/resource_index/packages
copying resource/subpub_pkg -> /home/senne/ros2_ws/install/subpub_pkg/share/ament_index/resource_index/packages
copying package.xml -> /home/senne/ros2_ws/install/subpub_pkg/share/subpub_pkg
copying launch/subpub_pkg_launch_file.launch.py -> /home/senne/ros2_ws/install/subpub_pkg/share/subpub_pkg
running install_egg_info
Copying ../../build/subpub_pkg/subpub_pkg.egg-info to /home/senne/ros2_ws/install/subpub_pkg/lib/python3.10/site-packages/subpub_pkg-0.0.0-py3.10.egg-info
running install_scripts
Installing subpub script to /home/senne/ros2_ws/install/subpub_pkg/lib/subpub_pkg
writing list of installed files to '/home/senne/ros2_ws/build/subpub_pkg/install.log'
