[0.580s] Invoking command in '/home/senne/ros2_ws/src/subpub_pkg': PYTHONPATH=/home/senne/ros2_ws/build/subpub_pkg/prefix_override:/usr/lib/python3/dist-packages/colcon_core/task/python/colcon_distutils_commands:/home/senne/ros2_ws/install/subpub_pkg/lib/python3.10/site-packages:${PYTHONPATH} /usr/bin/python3 -W ignore:setup.py install is deprecated setup.py egg_info --egg-base ../../build/subpub_pkg build --build-base /home/senne/ros2_ws/build/subpub_pkg/build install --record /home/senne/ros2_ws/build/subpub_pkg/install.log --single-version-externally-managed install_data
[0.785s] running egg_info
[0.786s] creating ../../build/subpub_pkg/subpub_pkg.egg-info
[0.786s] writing ../../build/subpub_pkg/subpub_pkg.egg-info/PKG-INFO
[0.786s] writing dependency_links to ../../build/subpub_pkg/subpub_pkg.egg-info/dependency_links.txt
[0.786s] writing entry points to ../../build/subpub_pkg/subpub_pkg.egg-info/entry_points.txt
[0.786s] writing requirements to ../../build/subpub_pkg/subpub_pkg.egg-info/requires.txt
[0.786s] writing top-level names to ../../build/subpub_pkg/subpub_pkg.egg-info/top_level.txt
[0.786s] writing manifest file '../../build/subpub_pkg/subpub_pkg.egg-info/SOURCES.txt'
[0.788s] reading manifest file '../../build/subpub_pkg/subpub_pkg.egg-info/SOURCES.txt'
[0.788s] writing manifest file '../../build/subpub_pkg/subpub_pkg.egg-info/SOURCES.txt'
[0.788s] running build
[0.788s] running build_py
[0.788s] creating /home/senne/ros2_ws/build/subpub_pkg/build
[0.789s] creating /home/senne/ros2_ws/build/subpub_pkg/build/lib
[0.789s] creating /home/senne/ros2_ws/build/subpub_pkg/build/lib/subpub_pkg
[0.789s] copying subpub_pkg/subpub.py -> /home/senne/ros2_ws/build/subpub_pkg/build/lib/subpub_pkg
[0.789s] copying subpub_pkg/__init__.py -> /home/senne/ros2_ws/build/subpub_pkg/build/lib/subpub_pkg
[0.789s] running install
[0.789s] running install_lib
[0.789s] creating /home/senne/ros2_ws/install/subpub_pkg/lib/python3.10/site-packages/subpub_pkg
[0.790s] copying /home/senne/ros2_ws/build/subpub_pkg/build/lib/subpub_pkg/subpub.py -> /home/senne/ros2_ws/install/subpub_pkg/lib/python3.10/site-packages/subpub_pkg
[0.790s] copying /home/senne/ros2_ws/build/subpub_pkg/build/lib/subpub_pkg/__init__.py -> /home/senne/ros2_ws/install/subpub_pkg/lib/python3.10/site-packages/subpub_pkg
[0.790s] byte-compiling /home/senne/ros2_ws/install/subpub_pkg/lib/python3.10/site-packages/subpub_pkg/subpub.py to subpub.cpython-310.pyc
[0.791s] byte-compiling /home/senne/ros2_ws/install/subpub_pkg/lib/python3.10/site-packages/subpub_pkg/__init__.py to __init__.cpython-310.pyc
[0.791s] running install_data
[0.791s] creating /home/senne/ros2_ws/install/subpub_pkg/share/ament_index
[0.791s] creating /home/senne/ros2_ws/install/subpub_pkg/share/ament_index/resource_index
[0.791s] creating /home/senne/ros2_ws/install/subpub_pkg/share/ament_index/resource_index/packages
[0.791s] copying resource/subpub_pkg -> /home/senne/ros2_ws/install/subpub_pkg/share/ament_index/resource_index/packages
[0.791s] copying package.xml -> /home/senne/ros2_ws/install/subpub_pkg/share/subpub_pkg
[0.791s] copying launch/subpub_pkg_launch_file.launch.py -> /home/senne/ros2_ws/install/subpub_pkg/share/subpub_pkg
[0.791s] running install_egg_info
[0.793s] Copying ../../build/subpub_pkg/subpub_pkg.egg-info to /home/senne/ros2_ws/install/subpub_pkg/lib/python3.10/site-packages/subpub_pkg-0.0.0-py3.10.egg-info
[0.794s] running install_scripts
[0.810s] Installing subpub script to /home/senne/ros2_ws/install/subpub_pkg/lib/subpub_pkg
[0.810s] writing list of installed files to '/home/senne/ros2_ws/build/subpub_pkg/install.log'
[0.840s] Invoked command in '/home/senne/ros2_ws/src/subpub_pkg' returned '0': PYTHONPATH=/home/senne/ros2_ws/build/subpub_pkg/prefix_override:/usr/lib/python3/dist-packages/colcon_core/task/python/colcon_distutils_commands:/home/senne/ros2_ws/install/subpub_pkg/lib/python3.10/site-packages:${PYTHONPATH} /usr/bin/python3 -W ignore:setup.py install is deprecated setup.py egg_info --egg-base ../../build/subpub_pkg build --build-base /home/senne/ros2_ws/build/subpub_pkg/build install --record /home/senne/ros2_ws/build/subpub_pkg/install.log --single-version-externally-managed install_data
