running egg_info
writing ../../build/patrol_pkg/patrol_pkg.egg-info/PKG-INFO
writing dependency_links to ../../build/patrol_pkg/patrol_pkg.egg-info/dependency_links.txt
writing entry points to ../../build/patrol_pkg/patrol_pkg.egg-info/entry_points.txt
writing requirements to ../../build/patrol_pkg/patrol_pkg.egg-info/requires.txt
writing top-level names to ../../build/patrol_pkg/patrol_pkg.egg-info/top_level.txt
reading manifest file '../../build/patrol_pkg/patrol_pkg.egg-info/SOURCES.txt'
writing manifest file '../../build/patrol_pkg/patrol_pkg.egg-info/SOURCES.txt'
running build
running build_py
copying patrol_pkg/patrol.py -> /home/senne/ros2_ws/build/patrol_pkg/build/lib/patrol_pkg
running install
running install_lib
copying /home/senne/ros2_ws/build/patrol_pkg/build/lib/patrol_pkg/patrol.py -> /home/senne/ros2_ws/install/patrol_pkg/lib/python3.10/site-packages/patrol_pkg
byte-compiling /home/senne/ros2_ws/install/patrol_pkg/lib/python3.10/site-packages/patrol_pkg/patrol.py to patrol.cpython-310.pyc
running install_data
running install_egg_info
removing '/home/senne/ros2_ws/install/patrol_pkg/lib/python3.10/site-packages/patrol_pkg-0.0.0-py3.10.egg-info' (and everything under it)
Copying ../../build/patrol_pkg/patrol_pkg.egg-info to /home/senne/ros2_ws/install/patrol_pkg/lib/python3.10/site-packages/patrol_pkg-0.0.0-py3.10.egg-info
running install_scripts
Installing patrol script to /home/senne/ros2_ws/install/patrol_pkg/lib/patrol_pkg
writing list of installed files to '/home/senne/ros2_ws/build/patrol_pkg/install.log'
