[0.780s] Invoking command in '/home/senne/ros2_ws/src/patrol_pkg': PYTHONPATH=/home/senne/ros2_ws/build/patrol_pkg/prefix_override:/usr/lib/python3/dist-packages/colcon_core/task/python/colcon_distutils_commands:/home/senne/ros2_ws/install/patrol_pkg/lib/python3.10/site-packages:${PYTHONPATH} /usr/bin/python3 -W ignore:setup.py install is deprecated setup.py egg_info --egg-base ../../build/patrol_pkg build --build-base /home/senne/ros2_ws/build/patrol_pkg/build install --record /home/senne/ros2_ws/build/patrol_pkg/install.log --single-version-externally-managed install_data
[1.067s] running egg_info
[1.067s] writing ../../build/patrol_pkg/patrol_pkg.egg-info/PKG-INFO
[1.068s] writing dependency_links to ../../build/patrol_pkg/patrol_pkg.egg-info/dependency_links.txt
[1.068s] writing entry points to ../../build/patrol_pkg/patrol_pkg.egg-info/entry_points.txt
[1.068s] writing requirements to ../../build/patrol_pkg/patrol_pkg.egg-info/requires.txt
[1.068s] writing top-level names to ../../build/patrol_pkg/patrol_pkg.egg-info/top_level.txt
[1.069s] reading manifest file '../../build/patrol_pkg/patrol_pkg.egg-info/SOURCES.txt'
[1.070s] writing manifest file '../../build/patrol_pkg/patrol_pkg.egg-info/SOURCES.txt'
[1.070s] running build
[1.070s] running build_py
[1.070s] copying patrol_pkg/patrol.py -> /home/senne/ros2_ws/build/patrol_pkg/build/lib/patrol_pkg
[1.070s] running install
[1.070s] running install_lib
[1.071s] copying /home/senne/ros2_ws/build/patrol_pkg/build/lib/patrol_pkg/patrol.py -> /home/senne/ros2_ws/install/patrol_pkg/lib/python3.10/site-packages/patrol_pkg
[1.071s] byte-compiling /home/senne/ros2_ws/install/patrol_pkg/lib/python3.10/site-packages/patrol_pkg/patrol.py to patrol.cpython-310.pyc
[1.072s] running install_data
[1.072s] running install_egg_info
[1.073s] removing '/home/senne/ros2_ws/install/patrol_pkg/lib/python3.10/site-packages/patrol_pkg-0.0.0-py3.10.egg-info' (and everything under it)
[1.073s] Copying ../../build/patrol_pkg/patrol_pkg.egg-info to /home/senne/ros2_ws/install/patrol_pkg/lib/python3.10/site-packages/patrol_pkg-0.0.0-py3.10.egg-info
[1.074s] running install_scripts
[1.090s] Installing patrol script to /home/senne/ros2_ws/install/patrol_pkg/lib/patrol_pkg
[1.090s] writing list of installed files to '/home/senne/ros2_ws/build/patrol_pkg/install.log'
[1.112s] Invoked command in '/home/senne/ros2_ws/src/patrol_pkg' returned '0': PYTHONPATH=/home/senne/ros2_ws/build/patrol_pkg/prefix_override:/usr/lib/python3/dist-packages/colcon_core/task/python/colcon_distutils_commands:/home/senne/ros2_ws/install/patrol_pkg/lib/python3.10/site-packages:${PYTHONPATH} /usr/bin/python3 -W ignore:setup.py install is deprecated setup.py egg_info --egg-base ../../build/patrol_pkg build --build-base /home/senne/ros2_ws/build/patrol_pkg/build install --record /home/senne/ros2_ws/build/patrol_pkg/install.log --single-version-externally-managed install_data
