[0.608s] Invoking command in '/home/senne/ros2_ws/src/straight_stop_pkg': PYTHONPATH=/home/senne/ros2_ws/build/straight_stop_pkg/prefix_override:/usr/lib/python3/dist-packages/colcon_core/task/python/colcon_distutils_commands:/home/senne/ros2_ws/install/straight_stop_pkg/lib/python3.10/site-packages:${PYTHONPATH} /usr/bin/python3 -W ignore:setup.py install is deprecated -W ignore:easy_install command is deprecated setup.py egg_info --egg-base ../../build/straight_stop_pkg build --build-base /home/senne/ros2_ws/build/straight_stop_pkg/build install --record /home/senne/ros2_ws/build/straight_stop_pkg/install.log --single-version-externally-managed install_data
[0.827s] running egg_info
[0.827s] writing ../../build/straight_stop_pkg/straight_stop_pkg.egg-info/PKG-INFO
[0.828s] writing dependency_links to ../../build/straight_stop_pkg/straight_stop_pkg.egg-info/dependency_links.txt
[0.828s] writing entry points to ../../build/straight_stop_pkg/straight_stop_pkg.egg-info/entry_points.txt
[0.828s] writing requirements to ../../build/straight_stop_pkg/straight_stop_pkg.egg-info/requires.txt
[0.828s] writing top-level names to ../../build/straight_stop_pkg/straight_stop_pkg.egg-info/top_level.txt
[0.829s] reading manifest file '../../build/straight_stop_pkg/straight_stop_pkg.egg-info/SOURCES.txt'
[0.830s] writing manifest file '../../build/straight_stop_pkg/straight_stop_pkg.egg-info/SOURCES.txt'
[0.830s] running build
[0.830s] running build_py
[0.830s] running install
[0.831s] running install_lib
[0.832s] running install_data
[0.832s] copying launch/straight_stop_launch_file.launch.py -> /home/senne/ros2_ws/install/straight_stop_pkg/share/straight_stop_pkg
[0.832s] running install_egg_info
[0.833s] removing '/home/senne/ros2_ws/install/straight_stop_pkg/lib/python3.10/site-packages/straight_stop_pkg-0.0.0-py3.10.egg-info' (and everything under it)
[0.834s] Copying ../../build/straight_stop_pkg/straight_stop_pkg.egg-info to /home/senne/ros2_ws/install/straight_stop_pkg/lib/python3.10/site-packages/straight_stop_pkg-0.0.0-py3.10.egg-info
[0.835s] running install_scripts
[0.852s] Installing straight_stop script to /home/senne/ros2_ws/install/straight_stop_pkg/lib/straight_stop_pkg
[0.852s] writing list of installed files to '/home/senne/ros2_ws/build/straight_stop_pkg/install.log'
[0.881s] Invoked command in '/home/senne/ros2_ws/src/straight_stop_pkg' returned '0': PYTHONPATH=/home/senne/ros2_ws/build/straight_stop_pkg/prefix_override:/usr/lib/python3/dist-packages/colcon_core/task/python/colcon_distutils_commands:/home/senne/ros2_ws/install/straight_stop_pkg/lib/python3.10/site-packages:${PYTHONPATH} /usr/bin/python3 -W ignore:setup.py install is deprecated -W ignore:easy_install command is deprecated setup.py egg_info --egg-base ../../build/straight_stop_pkg build --build-base /home/senne/ros2_ws/build/straight_stop_pkg/build install --record /home/senne/ros2_ws/build/straight_stop_pkg/install.log --single-version-externally-managed install_data
