[0.768s] Invoking command in '/home/senne/ros2_ws/src/patrol_pkg': PYTHONPATH=/home/senne/ros2_ws/build/patrol_pkg/prefix_override:/usr/lib/python3/dist-packages/colcon_core/task/python/colcon_distutils_commands:/home/senne/ros2_ws/install/patrol_pkg/lib/python3.10/site-packages:${PYTHONPATH} /usr/bin/python3 -W ignore:setup.py install is deprecated setup.py egg_info --egg-base ../../build/patrol_pkg build --build-base /home/senne/ros2_ws/build/patrol_pkg/build install --record /home/senne/ros2_ws/build/patrol_pkg/install.log --single-version-externally-managed install_data
[1.028s] running egg_info
[1.028s] creating ../../build/patrol_pkg/patrol_pkg.egg-info
[1.028s] writing ../../build/patrol_pkg/patrol_pkg.egg-info/PKG-INFO
[1.029s] writing dependency_links to ../../build/patrol_pkg/patrol_pkg.egg-info/dependency_links.txt
[1.029s] writing entry points to ../../build/patrol_pkg/patrol_pkg.egg-info/entry_points.txt
[1.029s] writing requirements to ../../build/patrol_pkg/patrol_pkg.egg-info/requires.txt
[1.029s] writing top-level names to ../../build/patrol_pkg/patrol_pkg.egg-info/top_level.txt
[1.029s] writing manifest file '../../build/patrol_pkg/patrol_pkg.egg-info/SOURCES.txt'
[1.030s] reading manifest file '../../build/patrol_pkg/patrol_pkg.egg-info/SOURCES.txt'
[1.031s] writing manifest file '../../build/patrol_pkg/patrol_pkg.egg-info/SOURCES.txt'
[1.031s] running build
[1.031s] running build_py
[1.031s] creating /home/senne/ros2_ws/build/patrol_pkg/build
[1.031s] creating /home/senne/ros2_ws/build/patrol_pkg/build/lib
[1.031s] creating /home/senne/ros2_ws/build/patrol_pkg/build/lib/patrol_pkg
[1.031s] copying patrol_pkg/patrol.py -> /home/senne/ros2_ws/build/patrol_pkg/build/lib/patrol_pkg
[1.031s] copying patrol_pkg/__init__.py -> /home/senne/ros2_ws/build/patrol_pkg/build/lib/patrol_pkg
[1.031s] running install
[1.032s] running install_lib
[1.032s] creating /home/senne/ros2_ws/install/patrol_pkg/lib/python3.10/site-packages/patrol_pkg
[1.032s] copying /home/senne/ros2_ws/build/patrol_pkg/build/lib/patrol_pkg/patrol.py -> /home/senne/ros2_ws/install/patrol_pkg/lib/python3.10/site-packages/patrol_pkg
[1.032s] copying /home/senne/ros2_ws/build/patrol_pkg/build/lib/patrol_pkg/__init__.py -> /home/senne/ros2_ws/install/patrol_pkg/lib/python3.10/site-packages/patrol_pkg
[1.034s] byte-compiling /home/senne/ros2_ws/install/patrol_pkg/lib/python3.10/site-packages/patrol_pkg/patrol.py to patrol.cpython-310.pyc
[1.036s] byte-compiling /home/senne/ros2_ws/install/patrol_pkg/lib/python3.10/site-packages/patrol_pkg/__init__.py to __init__.cpython-310.pyc
[1.038s] running install_data
[1.039s] creating /home/senne/ros2_ws/install/patrol_pkg/share/ament_index
[1.039s] creating /home/senne/ros2_ws/install/patrol_pkg/share/ament_index/resource_index
[1.039s] creating /home/senne/ros2_ws/install/patrol_pkg/share/ament_index/resource_index/packages
[1.039s] copying resource/patrol_pkg -> /home/senne/ros2_ws/install/patrol_pkg/share/ament_index/resource_index/packages
[1.039s] copying package.xml -> /home/senne/ros2_ws/install/patrol_pkg/share/patrol_pkg
[1.039s] copying launch/patrol_pkg_launch_file.launch.py -> /home/senne/ros2_ws/install/patrol_pkg/share/patrol_pkg
[1.039s] running install_egg_info
[1.041s] Copying ../../build/patrol_pkg/patrol_pkg.egg-info to /home/senne/ros2_ws/install/patrol_pkg/lib/python3.10/site-packages/patrol_pkg-0.0.0-py3.10.egg-info
[1.042s] running install_scripts
[1.063s] Installing patrol script to /home/senne/ros2_ws/install/patrol_pkg/lib/patrol_pkg
[1.063s] writing list of installed files to '/home/senne/ros2_ws/build/patrol_pkg/install.log'
[1.095s] Invoked command in '/home/senne/ros2_ws/src/patrol_pkg' returned '0': PYTHONPATH=/home/senne/ros2_ws/build/patrol_pkg/prefix_override:/usr/lib/python3/dist-packages/colcon_core/task/python/colcon_distutils_commands:/home/senne/ros2_ws/install/patrol_pkg/lib/python3.10/site-packages:${PYTHONPATH} /usr/bin/python3 -W ignore:setup.py install is deprecated setup.py egg_info --egg-base ../../build/patrol_pkg build --build-base /home/senne/ros2_ws/build/patrol_pkg/build install --record /home/senne/ros2_ws/build/patrol_pkg/install.log --single-version-externally-managed install_data
