[0.575s] Invoking command in '/home/senne/ros2_ws/src/handtracking_pkg': PYTHONPATH=/home/senne/ros2_ws/build/handtracking_pkg/prefix_override:/usr/lib/python3/dist-packages/colcon_core/task/python/colcon_distutils_commands:/home/senne/ros2_ws/install/handtracking_pkg/lib/python3.10/site-packages:${PYTHONPATH} /usr/bin/python3 -W ignore:setup.py install is deprecated -W ignore:easy_install command is deprecated setup.py egg_info --egg-base ../../build/handtracking_pkg build --build-base /home/senne/ros2_ws/build/handtracking_pkg/build install --record /home/senne/ros2_ws/build/handtracking_pkg/install.log --single-version-externally-managed install_data
[0.793s] running egg_info
[0.794s] writing ../../build/handtracking_pkg/handtracking_pkg.egg-info/PKG-INFO
[0.794s] writing dependency_links to ../../build/handtracking_pkg/handtracking_pkg.egg-info/dependency_links.txt
[0.794s] writing entry points to ../../build/handtracking_pkg/handtracking_pkg.egg-info/entry_points.txt
[0.794s] writing requirements to ../../build/handtracking_pkg/handtracking_pkg.egg-info/requires.txt
[0.794s] writing top-level names to ../../build/handtracking_pkg/handtracking_pkg.egg-info/top_level.txt
[0.795s] reading manifest file '../../build/handtracking_pkg/handtracking_pkg.egg-info/SOURCES.txt'
[0.796s] writing manifest file '../../build/handtracking_pkg/handtracking_pkg.egg-info/SOURCES.txt'
[0.796s] running build
[0.796s] running build_py
[0.796s] copying handtracking_pkg/handtracking.py -> /home/senne/ros2_ws/build/handtracking_pkg/build/lib/handtracking_pkg
[0.796s] running install
[0.797s] running install_lib
[0.797s] copying /home/senne/ros2_ws/build/handtracking_pkg/build/lib/handtracking_pkg/handtracking.py -> /home/senne/ros2_ws/install/handtracking_pkg/lib/python3.10/site-packages/handtracking_pkg
[0.798s] byte-compiling /home/senne/ros2_ws/install/handtracking_pkg/lib/python3.10/site-packages/handtracking_pkg/handtracking.py to handtracking.cpython-310.pyc
[0.799s] running install_data
[0.799s] running install_egg_info
[0.800s] removing '/home/senne/ros2_ws/install/handtracking_pkg/lib/python3.10/site-packages/handtracking_pkg-0.0.0-py3.10.egg-info' (and everything under it)
[0.800s] Copying ../../build/handtracking_pkg/handtracking_pkg.egg-info to /home/senne/ros2_ws/install/handtracking_pkg/lib/python3.10/site-packages/handtracking_pkg-0.0.0-py3.10.egg-info
[0.801s] running install_scripts
[0.817s] Installing handtracking script to /home/senne/ros2_ws/install/handtracking_pkg/lib/handtracking_pkg
[0.817s] writing list of installed files to '/home/senne/ros2_ws/build/handtracking_pkg/install.log'
[0.840s] Invoked command in '/home/senne/ros2_ws/src/handtracking_pkg' returned '0': PYTHONPATH=/home/senne/ros2_ws/build/handtracking_pkg/prefix_override:/usr/lib/python3/dist-packages/colcon_core/task/python/colcon_distutils_commands:/home/senne/ros2_ws/install/handtracking_pkg/lib/python3.10/site-packages:${PYTHONPATH} /usr/bin/python3 -W ignore:setup.py install is deprecated -W ignore:easy_install command is deprecated setup.py egg_info --egg-base ../../build/handtracking_pkg build --build-base /home/senne/ros2_ws/build/handtracking_pkg/build install --record /home/senne/ros2_ws/build/handtracking_pkg/install.log --single-version-externally-managed install_data
