[0.115s] DEBUG:colcon:Command line arguments: ['/usr/bin/colcon', 'build', '--packages-select', 'straight_stop_pkg']
[0.115s] DEBUG:colcon:Parsed command line arguments: Namespace(log_base=None, log_level=None, verb_name='build', build_base='build', install_base='install', merge_install=False, symlink_install=False, test_result_base=None, continue_on_error=False, executor='parallel', parallel_workers=16, event_handlers=None, ignore_user_meta=False, metas=['./colcon.meta'], base_paths=['.'], packages_ignore=None, packages_ignore_regex=None, paths=None, packages_up_to=None, packages_up_to_regex=None, packages_above=None, packages_above_and_dependencies=None, packages_above_depth=None, packages_select_by_dep=None, packages_skip_by_dep=None, packages_skip_up_to=None, packages_select_build_failed=False, packages_skip_build_finished=False, packages_select_test_failures=False, packages_skip_test_passed=False, packages_select=['straight_stop_pkg'], packages_skip=None, packages_select_regex=None, packages_skip_regex=None, packages_start=None, packages_end=None, allow_overriding=[], cmake_args=None, cmake_target=None, cmake_target_skip_unavailable=False, cmake_clean_cache=False, cmake_clean_first=False, cmake_force_configure=False, ament_cmake_args=None, catkin_cmake_args=None, catkin_skip_building_tests=False, mixin_files=None, mixin=None, verb_parser=<colcon_mixin.mixin.mixin_argument.MixinArgumentDecorator object at 0x734269443430>, verb_extension=<colcon_core.verb.build.BuildVerb object at 0x734269590340>, main=<bound method BuildVerb.main of <colcon_core.verb.build.BuildVerb object at 0x734269590340>>, mixin_verb=('build',))
[0.317s] Level 1:colcon.colcon_core.package_discovery:discover_packages(colcon_meta) check parameters
[0.317s] Level 1:colcon.colcon_core.package_discovery:discover_packages(recursive) check parameters
[0.317s] Level 1:colcon.colcon_core.package_discovery:discover_packages(ignore) check parameters
[0.317s] Level 1:colcon.colcon_core.package_discovery:discover_packages(path) check parameters
[0.317s] Level 1:colcon.colcon_core.package_discovery:discover_packages(colcon_meta) discover
[0.317s] Level 1:colcon.colcon_core.package_discovery:discover_packages(recursive) discover
[0.317s] INFO:colcon.colcon_core.package_discovery:Crawling recursively for packages in '/home/senne/ros2_ws'
[0.318s] Level 1:colcon.colcon_core.package_identification:_identify(.) by extensions ['ignore', 'ignore_ament_install']
[0.318s] Level 1:colcon.colcon_core.package_identification:_identify(.) by extension 'ignore'
[0.318s] Level 1:colcon.colcon_core.package_identification:_identify(.) by extension 'ignore_ament_install'
[0.318s] Level 1:colcon.colcon_core.package_identification:_identify(.) by extensions ['colcon_pkg']
[0.318s] Level 1:colcon.colcon_core.package_identification:_identify(.) by extension 'colcon_pkg'
[0.318s] Level 1:colcon.colcon_core.package_identification:_identify(.) by extensions ['colcon_meta']
[0.318s] Level 1:colcon.colcon_core.package_identification:_identify(.) by extension 'colcon_meta'
[0.318s] Level 1:colcon.colcon_core.package_identification:_identify(.) by extensions ['ros']
[0.318s] Level 1:colcon.colcon_core.package_identification:_identify(.) by extension 'ros'
[0.336s] Level 1:colcon.colcon_core.package_identification:_identify(.) by extensions ['cmake', 'python']
[0.336s] Level 1:colcon.colcon_core.package_identification:_identify(.) by extension 'cmake'
[0.336s] Level 1:colcon.colcon_core.package_identification:_identify(.) by extension 'python'
[0.336s] Level 1:colcon.colcon_core.package_identification:_identify(.) by extensions ['python_setup_py']
[0.336s] Level 1:colcon.colcon_core.package_identification:_identify(.) by extension 'python_setup_py'
[0.336s] Level 1:colcon.colcon_core.package_identification:_identify(build) by extensions ['ignore', 'ignore_ament_install']
[0.336s] Level 1:colcon.colcon_core.package_identification:_identify(build) by extension 'ignore'
[0.336s] Level 1:colcon.colcon_core.package_identification:_identify(build) ignored
[0.337s] Level 1:colcon.colcon_core.package_identification:_identify(install) by extensions ['ignore', 'ignore_ament_install']
[0.337s] Level 1:colcon.colcon_core.package_identification:_identify(install) by extension 'ignore'
[0.337s] Level 1:colcon.colcon_core.package_identification:_identify(install) ignored
[0.337s] Level 1:colcon.colcon_core.package_identification:_identify(log) by extensions ['ignore', 'ignore_ament_install']
[0.337s] Level 1:colcon.colcon_core.package_identification:_identify(log) by extension 'ignore'
[0.337s] Level 1:colcon.colcon_core.package_identification:_identify(log) ignored
[0.337s] Level 1:colcon.colcon_core.package_identification:_identify(src) by extensions ['ignore', 'ignore_ament_install']
[0.337s] Level 1:colcon.colcon_core.package_identification:_identify(src) by extension 'ignore'
[0.337s] Level 1:colcon.colcon_core.package_identification:_identify(src) by extension 'ignore_ament_install'
[0.337s] Level 1:colcon.colcon_core.package_identification:_identify(src) by extensions ['colcon_pkg']
[0.337s] Level 1:colcon.colcon_core.package_identification:_identify(src) by extension 'colcon_pkg'
[0.337s] Level 1:colcon.colcon_core.package_identification:_identify(src) by extensions ['colcon_meta']
[0.337s] Level 1:colcon.colcon_core.package_identification:_identify(src) by extension 'colcon_meta'
[0.337s] Level 1:colcon.colcon_core.package_identification:_identify(src) by extensions ['ros']
[0.337s] Level 1:colcon.colcon_core.package_identification:_identify(src) by extension 'ros'
[0.337s] Level 1:colcon.colcon_core.package_identification:_identify(src) by extensions ['cmake', 'python']
[0.337s] Level 1:colcon.colcon_core.package_identification:_identify(src) by extension 'cmake'
[0.337s] Level 1:colcon.colcon_core.package_identification:_identify(src) by extension 'python'
[0.337s] Level 1:colcon.colcon_core.package_identification:_identify(src) by extensions ['python_setup_py']
[0.337s] Level 1:colcon.colcon_core.package_identification:_identify(src) by extension 'python_setup_py'
[0.338s] Level 1:colcon.colcon_core.package_identification:_identify(src/lidar_pkg) by extensions ['ignore', 'ignore_ament_install']
[0.338s] Level 1:colcon.colcon_core.package_identification:_identify(src/lidar_pkg) by extension 'ignore'
[0.338s] Level 1:colcon.colcon_core.package_identification:_identify(src/lidar_pkg) by extension 'ignore_ament_install'
[0.338s] Level 1:colcon.colcon_core.package_identification:_identify(src/lidar_pkg) by extensions ['colcon_pkg']
[0.338s] Level 1:colcon.colcon_core.package_identification:_identify(src/lidar_pkg) by extension 'colcon_pkg'
[0.338s] Level 1:colcon.colcon_core.package_identification:_identify(src/lidar_pkg) by extensions ['colcon_meta']
[0.338s] Level 1:colcon.colcon_core.package_identification:_identify(src/lidar_pkg) by extension 'colcon_meta'
[0.338s] Level 1:colcon.colcon_core.package_identification:_identify(src/lidar_pkg) by extensions ['ros']
[0.338s] Level 1:colcon.colcon_core.package_identification:_identify(src/lidar_pkg) by extension 'ros'
[0.338s] Level 1:colcon.colcon_core.package_identification:_identify(src/lidar_pkg) by extensions ['cmake', 'python']
[0.338s] Level 1:colcon.colcon_core.package_identification:_identify(src/lidar_pkg) by extension 'cmake'
[0.338s] Level 1:colcon.colcon_core.package_identification:_identify(src/lidar_pkg) by extension 'python'
[0.338s] Level 1:colcon.colcon_core.package_identification:_identify(src/lidar_pkg) by extensions ['python_setup_py']
[0.338s] Level 1:colcon.colcon_core.package_identification:_identify(src/lidar_pkg) by extension 'python_setup_py'
[0.548s] DEBUG:colcon.colcon_core.package_identification:Package 'src/lidar_pkg' with type 'python' and name 'lidar_pkg'
[0.549s] Level 1:colcon.colcon_core.package_identification:_identify(src/patrol_pkg) by extensions ['ignore', 'ignore_ament_install']
[0.549s] Level 1:colcon.colcon_core.package_identification:_identify(src/patrol_pkg) by extension 'ignore'
[0.549s] Level 1:colcon.colcon_core.package_identification:_identify(src/patrol_pkg) by extension 'ignore_ament_install'
[0.549s] Level 1:colcon.colcon_core.package_identification:_identify(src/patrol_pkg) by extensions ['colcon_pkg']
[0.549s] Level 1:colcon.colcon_core.package_identification:_identify(src/patrol_pkg) by extension 'colcon_pkg'
[0.549s] Level 1:colcon.colcon_core.package_identification:_identify(src/patrol_pkg) by extensions ['colcon_meta']
[0.549s] Level 1:colcon.colcon_core.package_identification:_identify(src/patrol_pkg) by extension 'colcon_meta'
[0.549s] Level 1:colcon.colcon_core.package_identification:_identify(src/patrol_pkg) by extensions ['ros']
[0.549s] Level 1:colcon.colcon_core.package_identification:_identify(src/patrol_pkg) by extension 'ros'
[0.552s] DEBUG:colcon.colcon_core.package_identification:Package 'src/patrol_pkg' with type 'ros.ament_python' and name 'patrol_pkg'
[0.552s] Level 1:colcon.colcon_core.package_identification:_identify(src/publisher_pkg) by extensions ['ignore', 'ignore_ament_install']
[0.552s] Level 1:colcon.colcon_core.package_identification:_identify(src/publisher_pkg) by extension 'ignore'
[0.552s] Level 1:colcon.colcon_core.package_identification:_identify(src/publisher_pkg) by extension 'ignore_ament_install'
[0.552s] Level 1:colcon.colcon_core.package_identification:_identify(src/publisher_pkg) by extensions ['colcon_pkg']
[0.552s] Level 1:colcon.colcon_core.package_identification:_identify(src/publisher_pkg) by extension 'colcon_pkg'
[0.552s] Level 1:colcon.colcon_core.package_identification:_identify(src/publisher_pkg) by extensions ['colcon_meta']
[0.552s] Level 1:colcon.colcon_core.package_identification:_identify(src/publisher_pkg) by extension 'colcon_meta'
[0.552s] Level 1:colcon.colcon_core.package_identification:_identify(src/publisher_pkg) by extensions ['ros']
[0.552s] Level 1:colcon.colcon_core.package_identification:_identify(src/publisher_pkg) by extension 'ros'
[0.553s] DEBUG:colcon.colcon_core.package_identification:Package 'src/publisher_pkg' with type 'ros.ament_python' and name 'publisher_pkg'
[0.553s] Level 1:colcon.colcon_core.package_identification:_identify(src/straight_stop_pkg) by extensions ['ignore', 'ignore_ament_install']
[0.553s] Level 1:colcon.colcon_core.package_identification:_identify(src/straight_stop_pkg) by extension 'ignore'
[0.553s] Level 1:colcon.colcon_core.package_identification:_identify(src/straight_stop_pkg) by extension 'ignore_ament_install'
[0.553s] Level 1:colcon.colcon_core.package_identification:_identify(src/straight_stop_pkg) by extensions ['colcon_pkg']
[0.553s] Level 1:colcon.colcon_core.package_identification:_identify(src/straight_stop_pkg) by extension 'colcon_pkg'
[0.553s] Level 1:colcon.colcon_core.package_identification:_identify(src/straight_stop_pkg) by extensions ['colcon_meta']
[0.553s] Level 1:colcon.colcon_core.package_identification:_identify(src/straight_stop_pkg) by extension 'colcon_meta'
[0.553s] Level 1:colcon.colcon_core.package_identification:_identify(src/straight_stop_pkg) by extensions ['ros']
[0.553s] Level 1:colcon.colcon_core.package_identification:_identify(src/straight_stop_pkg) by extension 'ros'
[0.554s] DEBUG:colcon.colcon_core.package_identification:Package 'src/straight_stop_pkg' with type 'ros.ament_python' and name 'straight_stop_pkg'
[0.554s] Level 1:colcon.colcon_core.package_identification:_identify(src/subpub_pkg) by extensions ['ignore', 'ignore_ament_install']
[0.554s] Level 1:colcon.colcon_core.package_identification:_identify(src/subpub_pkg) by extension 'ignore'
[0.554s] Level 1:colcon.colcon_core.package_identification:_identify(src/subpub_pkg) by extension 'ignore_ament_install'
[0.554s] Level 1:colcon.colcon_core.package_identification:_identify(src/subpub_pkg) by extensions ['colcon_pkg']
[0.554s] Level 1:colcon.colcon_core.package_identification:_identify(src/subpub_pkg) by extension 'colcon_pkg'
[0.554s] Level 1:colcon.colcon_core.package_identification:_identify(src/subpub_pkg) by extensions ['colcon_meta']
[0.554s] Level 1:colcon.colcon_core.package_identification:_identify(src/subpub_pkg) by extension 'colcon_meta'
[0.554s] Level 1:colcon.colcon_core.package_identification:_identify(src/subpub_pkg) by extensions ['ros']
[0.554s] Level 1:colcon.colcon_core.package_identification:_identify(src/subpub_pkg) by extension 'ros'
[0.555s] DEBUG:colcon.colcon_core.package_identification:Package 'src/subpub_pkg' with type 'ros.ament_python' and name 'subpub_pkg'
[0.555s] Level 1:colcon.colcon_core.package_identification:_identify(src/subscriber_pkg) by extensions ['ignore', 'ignore_ament_install']
[0.555s] Level 1:colcon.colcon_core.package_identification:_identify(src/subscriber_pkg) by extension 'ignore'
[0.555s] Level 1:colcon.colcon_core.package_identification:_identify(src/subscriber_pkg) by extension 'ignore_ament_install'
[0.555s] Level 1:colcon.colcon_core.package_identification:_identify(src/subscriber_pkg) by extensions ['colcon_pkg']
[0.555s] Level 1:colcon.colcon_core.package_identification:_identify(src/subscriber_pkg) by extension 'colcon_pkg'
[0.555s] Level 1:colcon.colcon_core.package_identification:_identify(src/subscriber_pkg) by extensions ['colcon_meta']
[0.555s] Level 1:colcon.colcon_core.package_identification:_identify(src/subscriber_pkg) by extension 'colcon_meta'
[0.555s] Level 1:colcon.colcon_core.package_identification:_identify(src/subscriber_pkg) by extensions ['ros']
[0.555s] Level 1:colcon.colcon_core.package_identification:_identify(src/subscriber_pkg) by extension 'ros'
[0.556s] DEBUG:colcon.colcon_core.package_identification:Package 'src/subscriber_pkg' with type 'ros.ament_python' and name 'subscriber_pkg'
[0.556s] Level 1:colcon.colcon_core.package_discovery:discover_packages(recursive) using defaults
[0.556s] Level 1:colcon.colcon_core.package_discovery:discover_packages(ignore) discover
[0.556s] Level 1:colcon.colcon_core.package_discovery:discover_packages(ignore) using defaults
[0.556s] Level 1:colcon.colcon_core.package_discovery:discover_packages(path) discover
[0.556s] Level 1:colcon.colcon_core.package_discovery:discover_packages(path) using defaults
[0.574s] INFO:colcon.colcon_core.package_selection:Skipping not selected package 'lidar_pkg' in 'src/lidar_pkg'
[0.575s] INFO:colcon.colcon_core.package_selection:Skipping not selected package 'patrol_pkg' in 'src/patrol_pkg'
[0.575s] INFO:colcon.colcon_core.package_selection:Skipping not selected package 'publisher_pkg' in 'src/publisher_pkg'
[0.575s] INFO:colcon.colcon_core.package_selection:Skipping not selected package 'subpub_pkg' in 'src/subpub_pkg'
[0.575s] INFO:colcon.colcon_core.package_selection:Skipping not selected package 'subscriber_pkg' in 'src/subscriber_pkg'
[0.575s] Level 1:colcon.colcon_core.package_discovery:discover_packages(prefix_path) check parameters
[0.575s] Level 1:colcon.colcon_core.package_discovery:discover_packages(prefix_path) discover
[0.578s] DEBUG:colcon.colcon_installed_package_information.package_discovery:Found 15 installed packages in /home/senne/turtlebot3_ws/install
[0.579s] DEBUG:colcon.colcon_installed_package_information.package_discovery:Found 376 installed packages in /opt/ros/humble
[0.581s] Level 1:colcon.colcon_core.package_discovery:discover_packages(prefix_path) using defaults
[0.628s] Level 5:colcon.colcon_core.verb:set package 'straight_stop_pkg' build argument 'cmake_args' from command line to 'None'
[0.628s] Level 5:colcon.colcon_core.verb:set package 'straight_stop_pkg' build argument 'cmake_target' from command line to 'None'
[0.628s] Level 5:colcon.colcon_core.verb:set package 'straight_stop_pkg' build argument 'cmake_target_skip_unavailable' from command line to 'False'
[0.628s] Level 5:colcon.colcon_core.verb:set package 'straight_stop_pkg' build argument 'cmake_clean_cache' from command line to 'False'
[0.628s] Level 5:colcon.colcon_core.verb:set package 'straight_stop_pkg' build argument 'cmake_clean_first' from command line to 'False'
[0.628s] Level 5:colcon.colcon_core.verb:set package 'straight_stop_pkg' build argument 'cmake_force_configure' from command line to 'False'
[0.628s] Level 5:colcon.colcon_core.verb:set package 'straight_stop_pkg' build argument 'ament_cmake_args' from command line to 'None'
[0.628s] Level 5:colcon.colcon_core.verb:set package 'straight_stop_pkg' build argument 'catkin_cmake_args' from command line to 'None'
[0.628s] Level 5:colcon.colcon_core.verb:set package 'straight_stop_pkg' build argument 'catkin_skip_building_tests' from command line to 'False'
[0.628s] DEBUG:colcon.colcon_core.verb:Building package 'straight_stop_pkg' with the following arguments: {'ament_cmake_args': None, 'build_base': '/home/senne/ros2_ws/build/straight_stop_pkg', 'catkin_cmake_args': None, 'catkin_skip_building_tests': False, 'cmake_args': None, 'cmake_clean_cache': False, 'cmake_clean_first': False, 'cmake_force_configure': False, 'cmake_target': None, 'cmake_target_skip_unavailable': False, 'install_base': '/home/senne/ros2_ws/install/straight_stop_pkg', 'merge_install': False, 'path': '/home/senne/ros2_ws/src/straight_stop_pkg', 'symlink_install': False, 'test_result_base': None}
[0.628s] INFO:colcon.colcon_core.executor:Executing jobs using 'parallel' executor
[0.629s] DEBUG:colcon.colcon_parallel_executor.executor.parallel:run_until_complete
[0.629s] INFO:colcon.colcon_ros.task.ament_python.build:Building ROS package in '/home/senne/ros2_ws/src/straight_stop_pkg' with build type 'ament_python'
[0.630s] Level 1:colcon.colcon_core.shell:create_environment_hook('straight_stop_pkg', 'ament_prefix_path')
[0.632s] INFO:colcon.colcon_core.plugin_system:Skipping extension 'colcon_core.shell.bat': Not used on non-Windows systems
[0.632s] INFO:colcon.colcon_core.shell:Creating environment hook '/home/senne/ros2_ws/install/straight_stop_pkg/share/straight_stop_pkg/hook/ament_prefix_path.ps1'
[0.633s] INFO:colcon.colcon_core.shell:Creating environment descriptor '/home/senne/ros2_ws/install/straight_stop_pkg/share/straight_stop_pkg/hook/ament_prefix_path.dsv'
[0.633s] INFO:colcon.colcon_core.shell:Creating environment hook '/home/senne/ros2_ws/install/straight_stop_pkg/share/straight_stop_pkg/hook/ament_prefix_path.sh'
[0.634s] INFO:colcon.colcon_core.shell:Skip shell extension 'powershell' for command environment: Not usable outside of PowerShell
[0.634s] DEBUG:colcon.colcon_core.shell:Skip shell extension 'dsv' for command environment
[0.858s] INFO:colcon.colcon_core.task.python.build:Building Python package in '/home/senne/ros2_ws/src/straight_stop_pkg'
[0.859s] INFO:colcon.colcon_core.shell:Skip shell extension 'powershell' for command environment: Not usable outside of PowerShell
[0.859s] DEBUG:colcon.colcon_core.shell:Skip shell extension 'dsv' for command environment
[1.257s] DEBUG:colcon.colcon_core.event_handler.log_command:Invoking command in '/home/senne/ros2_ws/src/straight_stop_pkg': PYTHONPATH=/home/senne/ros2_ws/build/straight_stop_pkg/prefix_override:/usr/lib/python3/dist-packages/colcon_core/task/python/colcon_distutils_commands:/home/senne/ros2_ws/install/straight_stop_pkg/lib/python3.10/site-packages:${PYTHONPATH} /usr/bin/python3 -W ignore:setup.py install is deprecated -W ignore:easy_install command is deprecated setup.py egg_info --egg-base ../../build/straight_stop_pkg build --build-base /home/senne/ros2_ws/build/straight_stop_pkg/build install --record /home/senne/ros2_ws/build/straight_stop_pkg/install.log --single-version-externally-managed install_data
[1.514s] DEBUG:colcon.colcon_core.event_handler.log_command:Invoked command in '/home/senne/ros2_ws/src/straight_stop_pkg' returned '0': PYTHONPATH=/home/senne/ros2_ws/build/straight_stop_pkg/prefix_override:/usr/lib/python3/dist-packages/colcon_core/task/python/colcon_distutils_commands:/home/senne/ros2_ws/install/straight_stop_pkg/lib/python3.10/site-packages:${PYTHONPATH} /usr/bin/python3 -W ignore:setup.py install is deprecated -W ignore:easy_install command is deprecated setup.py egg_info --egg-base ../../build/straight_stop_pkg build --build-base /home/senne/ros2_ws/build/straight_stop_pkg/build install --record /home/senne/ros2_ws/build/straight_stop_pkg/install.log --single-version-externally-managed install_data
[1.518s] Level 1:colcon.colcon_core.environment:checking '/home/senne/ros2_ws/install/straight_stop_pkg' for CMake module files
[1.518s] Level 1:colcon.colcon_core.environment:checking '/home/senne/ros2_ws/install/straight_stop_pkg' for CMake config files
[1.519s] Level 1:colcon.colcon_core.environment:checking '/home/senne/ros2_ws/install/straight_stop_pkg/lib'
[1.519s] Level 1:colcon.colcon_core.environment:checking '/home/senne/ros2_ws/install/straight_stop_pkg/bin'
[1.519s] Level 1:colcon.colcon_core.environment:checking '/home/senne/ros2_ws/install/straight_stop_pkg/lib/pkgconfig/straight_stop_pkg.pc'
[1.519s] Level 1:colcon.colcon_core.environment:checking '/home/senne/ros2_ws/install/straight_stop_pkg/lib/python3.10/site-packages'
[1.519s] Level 1:colcon.colcon_core.shell:create_environment_hook('straight_stop_pkg', 'pythonpath')
[1.519s] INFO:colcon.colcon_core.shell:Creating environment hook '/home/senne/ros2_ws/install/straight_stop_pkg/share/straight_stop_pkg/hook/pythonpath.ps1'
[1.520s] INFO:colcon.colcon_core.shell:Creating environment descriptor '/home/senne/ros2_ws/install/straight_stop_pkg/share/straight_stop_pkg/hook/pythonpath.dsv'
[1.520s] INFO:colcon.colcon_core.shell:Creating environment hook '/home/senne/ros2_ws/install/straight_stop_pkg/share/straight_stop_pkg/hook/pythonpath.sh'
[1.520s] Level 1:colcon.colcon_core.environment:checking '/home/senne/ros2_ws/install/straight_stop_pkg/bin'
[1.520s] Level 1:colcon.colcon_core.environment:create_environment_scripts_only(straight_stop_pkg)
[1.521s] INFO:colcon.colcon_core.shell:Creating package script '/home/senne/ros2_ws/install/straight_stop_pkg/share/straight_stop_pkg/package.ps1'
[1.521s] INFO:colcon.colcon_core.shell:Creating package descriptor '/home/senne/ros2_ws/install/straight_stop_pkg/share/straight_stop_pkg/package.dsv'
[1.522s] INFO:colcon.colcon_core.shell:Creating package script '/home/senne/ros2_ws/install/straight_stop_pkg/share/straight_stop_pkg/package.sh'
[1.523s] INFO:colcon.colcon_core.shell:Creating package script '/home/senne/ros2_ws/install/straight_stop_pkg/share/straight_stop_pkg/package.bash'
[1.523s] INFO:colcon.colcon_core.shell:Creating package script '/home/senne/ros2_ws/install/straight_stop_pkg/share/straight_stop_pkg/package.zsh'
[1.524s] Level 1:colcon.colcon_core.environment:create_file_with_runtime_dependencies(/home/senne/ros2_ws/install/straight_stop_pkg/share/colcon-core/packages/straight_stop_pkg)
[1.524s] DEBUG:colcon.colcon_parallel_executor.executor.parallel:closing loop
[1.524s] DEBUG:colcon.colcon_parallel_executor.executor.parallel:loop closed
[1.524s] DEBUG:colcon.colcon_parallel_executor.executor.parallel:run_until_complete finished with '0'
[1.525s] DEBUG:colcon.colcon_core.event_reactor:joining thread
[1.530s] INFO:colcon.colcon_core.plugin_system:Skipping extension 'colcon_notification.desktop_notification.terminal_notifier': Not used on non-Darwin systems
[1.530s] INFO:colcon.colcon_core.plugin_system:Skipping extension 'colcon_notification.desktop_notification.win32': Not used on non-Windows systems
[1.530s] INFO:colcon.colcon_notification.desktop_notification:Sending desktop notification using 'notify2'
[1.542s] DEBUG:colcon.colcon_core.event_reactor:joined thread
[1.542s] INFO:colcon.colcon_core.shell:Creating prefix script '/home/senne/ros2_ws/install/local_setup.ps1'
[1.543s] INFO:colcon.colcon_core.shell:Creating prefix util module '/home/senne/ros2_ws/install/_local_setup_util_ps1.py'
[1.545s] INFO:colcon.colcon_core.shell:Creating prefix chain script '/home/senne/ros2_ws/install/setup.ps1'
[1.546s] INFO:colcon.colcon_core.shell:Creating prefix script '/home/senne/ros2_ws/install/local_setup.sh'
[1.547s] INFO:colcon.colcon_core.shell:Creating prefix util module '/home/senne/ros2_ws/install/_local_setup_util_sh.py'
[1.547s] INFO:colcon.colcon_core.shell:Creating prefix chain script '/home/senne/ros2_ws/install/setup.sh'
[1.549s] INFO:colcon.colcon_core.shell:Creating prefix script '/home/senne/ros2_ws/install/local_setup.bash'
[1.550s] INFO:colcon.colcon_core.shell:Creating prefix chain script '/home/senne/ros2_ws/install/setup.bash'
[1.551s] INFO:colcon.colcon_core.shell:Creating prefix script '/home/senne/ros2_ws/install/local_setup.zsh'
[1.551s] INFO:colcon.colcon_core.shell:Creating prefix chain script '/home/senne/ros2_ws/install/setup.zsh'
