running egg_info
writing ../../build/lidar_pkg/lidar_pkg.egg-info/PKG-INFO
writing dependency_links to ../../build/lidar_pkg/lidar_pkg.egg-info/dependency_links.txt
writing entry points to ../../build/lidar_pkg/lidar_pkg.egg-info/entry_points.txt
writing requirements to ../../build/lidar_pkg/lidar_pkg.egg-info/requires.txt
writing top-level names to ../../build/lidar_pkg/lidar_pkg.egg-info/top_level.txt
reading manifest file '../../build/lidar_pkg/lidar_pkg.egg-info/SOURCES.txt'
writing manifest file '../../build/lidar_pkg/lidar_pkg.egg-info/SOURCES.txt'
running build
running build_py
copying lidar_pkg/lidar.py -> /home/senne/ros2_ws/build/lidar_pkg/build/lib/lidar_pkg
running install
running install_lib
copying /home/senne/ros2_ws/build/lidar_pkg/build/lib/lidar_pkg/lidar.py -> /home/senne/ros2_ws/install/lidar_pkg/lib/python3.10/site-packages/lidar_pkg
byte-compiling /home/senne/ros2_ws/install/lidar_pkg/lib/python3.10/site-packages/lidar_pkg/lidar.py to lidar.cpython-310.pyc
running install_data
running install_egg_info
removing '/home/senne/ros2_ws/install/lidar_pkg/lib/python3.10/site-packages/lidar_pkg-0.0.0-py3.10.egg-info' (and everything under it)
Copying ../../build/lidar_pkg/lidar_pkg.egg-info to /home/senne/ros2_ws/install/lidar_pkg/lib/python3.10/site-packages/lidar_pkg-0.0.0-py3.10.egg-info
running install_scripts
Installing lidar script to /home/senne/ros2_ws/install/lidar_pkg/lib/lidar_pkg
writing list of installed files to '/home/senne/ros2_ws/build/lidar_pkg/install.log'
