[0.627s] Invoking command in '/home/senne/ros2_ws/src/lidar_pkg': PYTHONPATH=/home/senne/ros2_ws/build/lidar_pkg/prefix_override:/usr/lib/python3/dist-packages/colcon_core/task/python/colcon_distutils_commands:/home/senne/ros2_ws/install/lidar_pkg/lib/python3.10/site-packages:${PYTHONPATH} /usr/bin/python3 -W ignore:setup.py install is deprecated setup.py egg_info --egg-base ../../build/lidar_pkg build --build-base /home/senne/ros2_ws/build/lidar_pkg/build install --record /home/senne/ros2_ws/build/lidar_pkg/install.log --single-version-externally-managed install_data
[0.866s] running egg_info
[0.866s] writing ../../build/lidar_pkg/lidar_pkg.egg-info/PKG-INFO
[0.866s] writing dependency_links to ../../build/lidar_pkg/lidar_pkg.egg-info/dependency_links.txt
[0.867s] writing entry points to ../../build/lidar_pkg/lidar_pkg.egg-info/entry_points.txt
[0.867s] writing requirements to ../../build/lidar_pkg/lidar_pkg.egg-info/requires.txt
[0.867s] writing top-level names to ../../build/lidar_pkg/lidar_pkg.egg-info/top_level.txt
[0.868s] reading manifest file '../../build/lidar_pkg/lidar_pkg.egg-info/SOURCES.txt'
[0.869s] writing manifest file '../../build/lidar_pkg/lidar_pkg.egg-info/SOURCES.txt'
[0.869s] running build
[0.869s] running build_py
[0.869s] copying lidar_pkg/lidar.py -> /home/senne/ros2_ws/build/lidar_pkg/build/lib/lidar_pkg
[0.869s] running install
[0.870s] running install_lib
[0.870s] copying /home/senne/ros2_ws/build/lidar_pkg/build/lib/lidar_pkg/lidar.py -> /home/senne/ros2_ws/install/lidar_pkg/lib/python3.10/site-packages/lidar_pkg
[0.871s] byte-compiling /home/senne/ros2_ws/install/lidar_pkg/lib/python3.10/site-packages/lidar_pkg/lidar.py to lidar.cpython-310.pyc
[0.871s] running install_data
[0.871s] running install_egg_info
[0.873s] removing '/home/senne/ros2_ws/install/lidar_pkg/lib/python3.10/site-packages/lidar_pkg-0.0.0-py3.10.egg-info' (and everything under it)
[0.873s] Copying ../../build/lidar_pkg/lidar_pkg.egg-info to /home/senne/ros2_ws/install/lidar_pkg/lib/python3.10/site-packages/lidar_pkg-0.0.0-py3.10.egg-info
[0.874s] running install_scripts
[0.891s] Installing lidar script to /home/senne/ros2_ws/install/lidar_pkg/lib/lidar_pkg
[0.891s] writing list of installed files to '/home/senne/ros2_ws/build/lidar_pkg/install.log'
[0.915s] Invoked command in '/home/senne/ros2_ws/src/lidar_pkg' returned '0': PYTHONPATH=/home/senne/ros2_ws/build/lidar_pkg/prefix_override:/usr/lib/python3/dist-packages/colcon_core/task/python/colcon_distutils_commands:/home/senne/ros2_ws/install/lidar_pkg/lib/python3.10/site-packages:${PYTHONPATH} /usr/bin/python3 -W ignore:setup.py install is deprecated setup.py egg_info --egg-base ../../build/lidar_pkg build --build-base /home/senne/ros2_ws/build/lidar_pkg/build install --record /home/senne/ros2_ws/build/lidar_pkg/install.log --single-version-externally-managed install_data
