[0.559s] Invoking command in '/home/senne/ros2_ws/src/lidar_mediapipe_senne_pkg': PYTHONPATH=/home/senne/ros2_ws/build/lidar_mediapipe_senne_pkg/prefix_override:/usr/lib/python3/dist-packages/colcon_core/task/python/colcon_distutils_commands:/home/senne/ros2_ws/install/lidar_mediapipe_senne_pkg/lib/python3.10/site-packages:${PYTHONPATH} /usr/bin/python3 -W ignore:setup.py install is deprecated -W ignore:easy_install command is deprecated setup.py egg_info --egg-base ../../build/lidar_mediapipe_senne_pkg build --build-base /home/senne/ros2_ws/build/lidar_mediapipe_senne_pkg/build install --record /home/senne/ros2_ws/build/lidar_mediapipe_senne_pkg/install.log --single-version-externally-managed install_data
[0.771s] running egg_info
[0.771s] writing ../../build/lidar_mediapipe_senne_pkg/lidar_mediapipe_senne_pkg.egg-info/PKG-INFO
[0.772s] writing dependency_links to ../../build/lidar_mediapipe_senne_pkg/lidar_mediapipe_senne_pkg.egg-info/dependency_links.txt
[0.772s] writing entry points to ../../build/lidar_mediapipe_senne_pkg/lidar_mediapipe_senne_pkg.egg-info/entry_points.txt
[0.772s] writing requirements to ../../build/lidar_mediapipe_senne_pkg/lidar_mediapipe_senne_pkg.egg-info/requires.txt
[0.772s] writing top-level names to ../../build/lidar_mediapipe_senne_pkg/lidar_mediapipe_senne_pkg.egg-info/top_level.txt
[0.773s] reading manifest file '../../build/lidar_mediapipe_senne_pkg/lidar_mediapipe_senne_pkg.egg-info/SOURCES.txt'
[0.774s] writing manifest file '../../build/lidar_mediapipe_senne_pkg/lidar_mediapipe_senne_pkg.egg-info/SOURCES.txt'
[0.774s] running build
[0.774s] running build_py
[0.774s] running install
[0.775s] running install_lib
[0.775s] running install_data
[0.776s] running install_egg_info
[0.777s] removing '/home/senne/ros2_ws/install/lidar_mediapipe_senne_pkg/lib/python3.10/site-packages/lidar_mediapipe_senne_pkg-0.0.0-py3.10.egg-info' (and everything under it)
[0.777s] Copying ../../build/lidar_mediapipe_senne_pkg/lidar_mediapipe_senne_pkg.egg-info to /home/senne/ros2_ws/install/lidar_mediapipe_senne_pkg/lib/python3.10/site-packages/lidar_mediapipe_senne_pkg-0.0.0-py3.10.egg-info
[0.778s] running install_scripts
[0.795s] Installing lidar_mediapipe_senne script to /home/senne/ros2_ws/install/lidar_mediapipe_senne_pkg/lib/lidar_mediapipe_senne_pkg
[0.795s] writing list of installed files to '/home/senne/ros2_ws/build/lidar_mediapipe_senne_pkg/install.log'
[0.818s] Invoked command in '/home/senne/ros2_ws/src/lidar_mediapipe_senne_pkg' returned '0': PYTHONPATH=/home/senne/ros2_ws/build/lidar_mediapipe_senne_pkg/prefix_override:/usr/lib/python3/dist-packages/colcon_core/task/python/colcon_distutils_commands:/home/senne/ros2_ws/install/lidar_mediapipe_senne_pkg/lib/python3.10/site-packages:${PYTHONPATH} /usr/bin/python3 -W ignore:setup.py install is deprecated -W ignore:easy_install command is deprecated setup.py egg_info --egg-base ../../build/lidar_mediapipe_senne_pkg build --build-base /home/senne/ros2_ws/build/lidar_mediapipe_senne_pkg/build install --record /home/senne/ros2_ws/build/lidar_mediapipe_senne_pkg/install.log --single-version-externally-managed install_data
