[0.571s] Invoking command in '/home/senne/ros2_ws/src/straight_stop_pkg': PYTHONPATH=/home/senne/ros2_ws/build/straight_stop_pkg/prefix_override:/usr/lib/python3/dist-packages/colcon_core/task/python/colcon_distutils_commands:/home/senne/ros2_ws/install/straight_stop_pkg/lib/python3.10/site-packages:${PYTHONPATH} /usr/bin/python3 -W ignore:setup.py install is deprecated -W ignore:easy_install command is deprecated setup.py egg_info --egg-base ../../build/straight_stop_pkg build --build-base /home/senne/ros2_ws/build/straight_stop_pkg/build install --record /home/senne/ros2_ws/build/straight_stop_pkg/install.log --single-version-externally-managed install_data
[0.784s] running egg_info
[0.784s] writing ../../build/straight_stop_pkg/straight_stop_pkg.egg-info/PKG-INFO
[0.785s] writing dependency_links to ../../build/straight_stop_pkg/straight_stop_pkg.egg-info/dependency_links.txt
[0.785s] writing entry points to ../../build/straight_stop_pkg/straight_stop_pkg.egg-info/entry_points.txt
[0.785s] writing requirements to ../../build/straight_stop_pkg/straight_stop_pkg.egg-info/requires.txt
[0.785s] writing top-level names to ../../build/straight_stop_pkg/straight_stop_pkg.egg-info/top_level.txt
[0.787s] reading manifest file '../../build/straight_stop_pkg/straight_stop_pkg.egg-info/SOURCES.txt'
[0.787s] writing manifest file '../../build/straight_stop_pkg/straight_stop_pkg.egg-info/SOURCES.txt'
[0.788s] running build
[0.788s] running build_py
[0.788s] copying straight_stop_pkg/straight_stop.py -> /home/senne/ros2_ws/build/straight_stop_pkg/build/lib/straight_stop_pkg
[0.788s] running install
[0.788s] running install_lib
[0.789s] copying /home/senne/ros2_ws/build/straight_stop_pkg/build/lib/straight_stop_pkg/straight_stop.py -> /home/senne/ros2_ws/install/straight_stop_pkg/lib/python3.10/site-packages/straight_stop_pkg
[0.790s] byte-compiling /home/senne/ros2_ws/install/straight_stop_pkg/lib/python3.10/site-packages/straight_stop_pkg/straight_stop.py to straight_stop.cpython-310.pyc
[0.790s] running install_data
[0.790s] running install_egg_info
[0.792s] removing '/home/senne/ros2_ws/install/straight_stop_pkg/lib/python3.10/site-packages/straight_stop_pkg-0.0.0-py3.10.egg-info' (and everything under it)
[0.793s] Copying ../../build/straight_stop_pkg/straight_stop_pkg.egg-info to /home/senne/ros2_ws/install/straight_stop_pkg/lib/python3.10/site-packages/straight_stop_pkg-0.0.0-py3.10.egg-info
[0.794s] running install_scripts
[0.810s] Installing straight_stop script to /home/senne/ros2_ws/install/straight_stop_pkg/lib/straight_stop_pkg
[0.810s] writing list of installed files to '/home/senne/ros2_ws/build/straight_stop_pkg/install.log'
[0.834s] Invoked command in '/home/senne/ros2_ws/src/straight_stop_pkg' returned '0': PYTHONPATH=/home/senne/ros2_ws/build/straight_stop_pkg/prefix_override:/usr/lib/python3/dist-packages/colcon_core/task/python/colcon_distutils_commands:/home/senne/ros2_ws/install/straight_stop_pkg/lib/python3.10/site-packages:${PYTHONPATH} /usr/bin/python3 -W ignore:setup.py install is deprecated -W ignore:easy_install command is deprecated setup.py egg_info --egg-base ../../build/straight_stop_pkg build --build-base /home/senne/ros2_ws/build/straight_stop_pkg/build install --record /home/senne/ros2_ws/build/straight_stop_pkg/install.log --single-version-externally-managed install_data
