running egg_info
writing ../../build/straight_stop_pkg/straight_stop_pkg.egg-info/PKG-INFO
writing dependency_links to ../../build/straight_stop_pkg/straight_stop_pkg.egg-info/dependency_links.txt
writing entry points to ../../build/straight_stop_pkg/straight_stop_pkg.egg-info/entry_points.txt
writing requirements to ../../build/straight_stop_pkg/straight_stop_pkg.egg-info/requires.txt
writing top-level names to ../../build/straight_stop_pkg/straight_stop_pkg.egg-info/top_level.txt
reading manifest file '../../build/straight_stop_pkg/straight_stop_pkg.egg-info/SOURCES.txt'
writing manifest file '../../build/straight_stop_pkg/straight_stop_pkg.egg-info/SOURCES.txt'
running build
running build_py
copying straight_stop_pkg/straight_stop.py -> /home/senne/ros2_ws/build/straight_stop_pkg/build/lib/straight_stop_pkg
running install
running install_lib
copying /home/senne/ros2_ws/build/straight_stop_pkg/build/lib/straight_stop_pkg/straight_stop.py -> /home/senne/ros2_ws/install/straight_stop_pkg/lib/python3.10/site-packages/straight_stop_pkg
byte-compiling /home/senne/ros2_ws/install/straight_stop_pkg/lib/python3.10/site-packages/straight_stop_pkg/straight_stop.py to straight_stop.cpython-310.pyc
running install_data
running install_egg_info
removing '/home/senne/ros2_ws/install/straight_stop_pkg/lib/python3.10/site-packages/straight_stop_pkg-0.0.0-py3.10.egg-info' (and everything under it)
Copying ../../build/straight_stop_pkg/straight_stop_pkg.egg-info to /home/senne/ros2_ws/install/straight_stop_pkg/lib/python3.10/site-packages/straight_stop_pkg-0.0.0-py3.10.egg-info
running install_scripts
Installing straight_stop script to /home/senne/ros2_ws/install/straight_stop_pkg/lib/straight_stop_pkg
writing list of installed files to '/home/senne/ros2_ws/build/straight_stop_pkg/install.log'
