[0.551s] Invoking command in '/home/senne/ros2_ws/src/publisher_pkg': PYTHONPATH=/home/senne/ros2_ws/build/publisher_pkg/prefix_override:/usr/lib/python3/dist-packages/colcon_core/task/python/colcon_distutils_commands:/home/senne/ros2_ws/install/publisher_pkg/lib/python3.10/site-packages:${PYTHONPATH} /usr/bin/python3 -W ignore:setup.py install is deprecated setup.py egg_info --egg-base ../../build/publisher_pkg build --build-base /home/senne/ros2_ws/build/publisher_pkg/build install --record /home/senne/ros2_ws/build/publisher_pkg/install.log --single-version-externally-managed install_data
[0.759s] running egg_info
[0.759s] writing ../../build/publisher_pkg/publisher_pkg.egg-info/PKG-INFO
[0.759s] writing dependency_links to ../../build/publisher_pkg/publisher_pkg.egg-info/dependency_links.txt
[0.760s] writing entry points to ../../build/publisher_pkg/publisher_pkg.egg-info/entry_points.txt
[0.760s] writing requirements to ../../build/publisher_pkg/publisher_pkg.egg-info/requires.txt
[0.760s] writing top-level names to ../../build/publisher_pkg/publisher_pkg.egg-info/top_level.txt
[0.761s] reading manifest file '../../build/publisher_pkg/publisher_pkg.egg-info/SOURCES.txt'
[0.762s] writing manifest file '../../build/publisher_pkg/publisher_pkg.egg-info/SOURCES.txt'
[0.762s] running build
[0.762s] running build_py
[0.762s] running install
[0.763s] running install_lib
[0.763s] running install_data
[0.764s] running install_egg_info
[0.765s] removing '/home/senne/ros2_ws/install/publisher_pkg/lib/python3.10/site-packages/publisher_pkg-0.0.0-py3.10.egg-info' (and everything under it)
[0.765s] Copying ../../build/publisher_pkg/publisher_pkg.egg-info to /home/senne/ros2_ws/install/publisher_pkg/lib/python3.10/site-packages/publisher_pkg-0.0.0-py3.10.egg-info
[0.766s] running install_scripts
[0.782s] Installing simple_publisher script to /home/senne/ros2_ws/install/publisher_pkg/lib/publisher_pkg
[0.783s] writing list of installed files to '/home/senne/ros2_ws/build/publisher_pkg/install.log'
[0.803s] Invoked command in '/home/senne/ros2_ws/src/publisher_pkg' returned '0': PYTHONPATH=/home/senne/ros2_ws/build/publisher_pkg/prefix_override:/usr/lib/python3/dist-packages/colcon_core/task/python/colcon_distutils_commands:/home/senne/ros2_ws/install/publisher_pkg/lib/python3.10/site-packages:${PYTHONPATH} /usr/bin/python3 -W ignore:setup.py install is deprecated setup.py egg_info --egg-base ../../build/publisher_pkg build --build-base /home/senne/ros2_ws/build/publisher_pkg/build install --record /home/senne/ros2_ws/build/publisher_pkg/install.log --single-version-externally-managed install_data
