[0.559s] Invoking command in '/home/senne/ros2_ws/src/handtracking_pkg': PYTHONPATH=/home/senne/ros2_ws/build/handtracking_pkg/prefix_override:/usr/lib/python3/dist-packages/colcon_core/task/python/colcon_distutils_commands:/home/senne/ros2_ws/install/handtracking_pkg/lib/python3.10/site-packages:${PYTHONPATH} /usr/bin/python3 -W ignore:setup.py install is deprecated -W ignore:easy_install command is deprecated setup.py egg_info --egg-base ../../build/handtracking_pkg build --build-base /home/senne/ros2_ws/build/handtracking_pkg/build install --record /home/senne/ros2_ws/build/handtracking_pkg/install.log --single-version-externally-managed install_data
[0.770s] running egg_info
[0.771s] writing ../../build/handtracking_pkg/handtracking_pkg.egg-info/PKG-INFO
[0.771s] writing dependency_links to ../../build/handtracking_pkg/handtracking_pkg.egg-info/dependency_links.txt
[0.771s] writing entry points to ../../build/handtracking_pkg/handtracking_pkg.egg-info/entry_points.txt
[0.771s] writing requirements to ../../build/handtracking_pkg/handtracking_pkg.egg-info/requires.txt
[0.771s] writing top-level names to ../../build/handtracking_pkg/handtracking_pkg.egg-info/top_level.txt
[0.772s] reading manifest file '../../build/handtracking_pkg/handtracking_pkg.egg-info/SOURCES.txt'
[0.773s] writing manifest file '../../build/handtracking_pkg/handtracking_pkg.egg-info/SOURCES.txt'
[0.773s] running build
[0.773s] running build_py
[0.773s] running install
[0.773s] running install_lib
[0.774s] running install_data
[0.774s] running install_egg_info
[0.776s] removing '/home/senne/ros2_ws/install/handtracking_pkg/lib/python3.10/site-packages/handtracking_pkg-0.0.0-py3.10.egg-info' (and everything under it)
[0.776s] Copying ../../build/handtracking_pkg/handtracking_pkg.egg-info to /home/senne/ros2_ws/install/handtracking_pkg/lib/python3.10/site-packages/handtracking_pkg-0.0.0-py3.10.egg-info
[0.777s] running install_scripts
[0.793s] Installing handtracking script to /home/senne/ros2_ws/install/handtracking_pkg/lib/handtracking_pkg
[0.793s] writing list of installed files to '/home/senne/ros2_ws/build/handtracking_pkg/install.log'
[0.817s] Invoked command in '/home/senne/ros2_ws/src/handtracking_pkg' returned '0': PYTHONPATH=/home/senne/ros2_ws/build/handtracking_pkg/prefix_override:/usr/lib/python3/dist-packages/colcon_core/task/python/colcon_distutils_commands:/home/senne/ros2_ws/install/handtracking_pkg/lib/python3.10/site-packages:${PYTHONPATH} /usr/bin/python3 -W ignore:setup.py install is deprecated -W ignore:easy_install command is deprecated setup.py egg_info --egg-base ../../build/handtracking_pkg build --build-base /home/senne/ros2_ws/build/handtracking_pkg/build install --record /home/senne/ros2_ws/build/handtracking_pkg/install.log --single-version-externally-managed install_data
