[2.694s] Invoking command in '/home/senne/ros2_ws/src/patrol_pkg': PYTHONPATH=/home/senne/ros2_ws/build/patrol_pkg/prefix_override:/usr/lib/python3/dist-packages/colcon_core/task/python/colcon_distutils_commands:/home/senne/ros2_ws/install/patrol_pkg/lib/python3.10/site-packages:${PYTHONPATH} /usr/bin/python3 -W ignore:setup.py install is deprecated setup.py egg_info --egg-base ../../build/patrol_pkg build --build-base /home/senne/ros2_ws/build/patrol_pkg/build install --record /home/senne/ros2_ws/build/patrol_pkg/install.log --single-version-externally-managed install_data
[3.215s] running egg_info
[3.215s] writing ../../build/patrol_pkg/patrol_pkg.egg-info/PKG-INFO
[3.216s] writing dependency_links to ../../build/patrol_pkg/patrol_pkg.egg-info/dependency_links.txt
[3.216s] writing entry points to ../../build/patrol_pkg/patrol_pkg.egg-info/entry_points.txt
[3.216s] writing requirements to ../../build/patrol_pkg/patrol_pkg.egg-info/requires.txt
[3.216s] writing top-level names to ../../build/patrol_pkg/patrol_pkg.egg-info/top_level.txt
[3.218s] reading manifest file '../../build/patrol_pkg/patrol_pkg.egg-info/SOURCES.txt'
[3.219s] writing manifest file '../../build/patrol_pkg/patrol_pkg.egg-info/SOURCES.txt'
[3.219s] running build
[3.219s] running build_py
[3.219s] running install
[3.220s] running install_lib
[3.221s] running install_data
[3.222s] running install_egg_info
[3.230s] removing '/home/senne/ros2_ws/install/patrol_pkg/lib/python3.10/site-packages/patrol_pkg-0.0.0-py3.10.egg-info' (and everything under it)
[3.230s] Copying ../../build/patrol_pkg/patrol_pkg.egg-info to /home/senne/ros2_ws/install/patrol_pkg/lib/python3.10/site-packages/patrol_pkg-0.0.0-py3.10.egg-info
[3.231s] running install_scripts
[3.265s] Installing patrol script to /home/senne/ros2_ws/install/patrol_pkg/lib/patrol_pkg
[3.265s] writing list of installed files to '/home/senne/ros2_ws/build/patrol_pkg/install.log'
[3.321s] Invoked command in '/home/senne/ros2_ws/src/patrol_pkg' returned '0': PYTHONPATH=/home/senne/ros2_ws/build/patrol_pkg/prefix_override:/usr/lib/python3/dist-packages/colcon_core/task/python/colcon_distutils_commands:/home/senne/ros2_ws/install/patrol_pkg/lib/python3.10/site-packages:${PYTHONPATH} /usr/bin/python3 -W ignore:setup.py install is deprecated setup.py egg_info --egg-base ../../build/patrol_pkg build --build-base /home/senne/ros2_ws/build/patrol_pkg/build install --record /home/senne/ros2_ws/build/patrol_pkg/install.log --single-version-externally-managed install_data
