[0.566s] Invoking command in '/home/senne/ros2_ws/src/handtracking_pkg': PYTHONPATH=/home/senne/ros2_ws/build/handtracking_pkg/prefix_override:/usr/lib/python3/dist-packages/colcon_core/task/python/colcon_distutils_commands:/home/senne/ros2_ws/install/handtracking_pkg/lib/python3.10/site-packages:${PYTHONPATH} /usr/bin/python3 -W ignore:setup.py install is deprecated -W ignore:easy_install command is deprecated setup.py egg_info --egg-base ../../build/handtracking_pkg build --build-base /home/senne/ros2_ws/build/handtracking_pkg/build install --record /home/senne/ros2_ws/build/handtracking_pkg/install.log --single-version-externally-managed install_data
[0.788s] running egg_info
[0.788s] writing ../../build/handtracking_pkg/handtracking_pkg.egg-info/PKG-INFO
[0.789s] writing dependency_links to ../../build/handtracking_pkg/handtracking_pkg.egg-info/dependency_links.txt
[0.789s] writing entry points to ../../build/handtracking_pkg/handtracking_pkg.egg-info/entry_points.txt
[0.789s] writing requirements to ../../build/handtracking_pkg/handtracking_pkg.egg-info/requires.txt
[0.789s] writing top-level names to ../../build/handtracking_pkg/handtracking_pkg.egg-info/top_level.txt
[0.790s] reading manifest file '../../build/handtracking_pkg/handtracking_pkg.egg-info/SOURCES.txt'
[0.791s] writing manifest file '../../build/handtracking_pkg/handtracking_pkg.egg-info/SOURCES.txt'
[0.791s] running build
[0.791s] running build_py
[0.791s] copying handtracking_pkg/handtracking.py -> /home/senne/ros2_ws/build/handtracking_pkg/build/lib/handtracking_pkg
[0.792s] running install
[0.792s] running install_lib
[0.792s] copying /home/senne/ros2_ws/build/handtracking_pkg/build/lib/handtracking_pkg/handtracking.py -> /home/senne/ros2_ws/install/handtracking_pkg/lib/python3.10/site-packages/handtracking_pkg
[0.793s] byte-compiling /home/senne/ros2_ws/install/handtracking_pkg/lib/python3.10/site-packages/handtracking_pkg/handtracking.py to handtracking.cpython-310.pyc
[0.794s] running install_data
[0.794s] running install_egg_info
[0.795s] removing '/home/senne/ros2_ws/install/handtracking_pkg/lib/python3.10/site-packages/handtracking_pkg-0.0.0-py3.10.egg-info' (and everything under it)
[0.796s] Copying ../../build/handtracking_pkg/handtracking_pkg.egg-info to /home/senne/ros2_ws/install/handtracking_pkg/lib/python3.10/site-packages/handtracking_pkg-0.0.0-py3.10.egg-info
[0.796s] running install_scripts
[0.813s] Installing handtracking script to /home/senne/ros2_ws/install/handtracking_pkg/lib/handtracking_pkg
[0.813s] writing list of installed files to '/home/senne/ros2_ws/build/handtracking_pkg/install.log'
[0.836s] Invoked command in '/home/senne/ros2_ws/src/handtracking_pkg' returned '0': PYTHONPATH=/home/senne/ros2_ws/build/handtracking_pkg/prefix_override:/usr/lib/python3/dist-packages/colcon_core/task/python/colcon_distutils_commands:/home/senne/ros2_ws/install/handtracking_pkg/lib/python3.10/site-packages:${PYTHONPATH} /usr/bin/python3 -W ignore:setup.py install is deprecated -W ignore:easy_install command is deprecated setup.py egg_info --egg-base ../../build/handtracking_pkg build --build-base /home/senne/ros2_ws/build/handtracking_pkg/build install --record /home/senne/ros2_ws/build/handtracking_pkg/install.log --single-version-externally-managed install_data
